Start testing: Jun 22 20:29 CEST
----------------------------------------------------------
1/45 Testing: 1D-1
1/45 Test: 1D-1
Command: "/Users/touzani/ofeli/build/demos/1D/elliptic"
Directory: /Users/touzani/ofeli/build/demos/1D
"1D-1" start time: Jun 22 20:29 CEST
Output:
----------------------------------------------------------

====================================================================
Copyright (c) 1998 - 2022 by Rachid Touzani

This is free software, and your are allowed to redistribute it
under certain conditions. Details are distributed with the software.

====================================================================
Release: 5.0.1
Date of Release: 22-02
---------------------------------------------------
Date of latest library building : Jun 22 2022
====================================================================
ofeli comes with ABSOLUTELY NO WARRANTY.
====================================================================

A PROGRAM TO TEST A 1-D ELLIPTIC EQUATION


Solution:
     1       0.00000000e+00
     2       1.08674760e+00
     3       6.71646957e-01
     4      -6.71646957e-01
     5      -1.08674760e+00
     6      -1.62832710e-15
     7       1.08674760e+00
     8       6.71646957e-01
     9      -6.71646957e-01
    10      -1.08674760e+00
    11       0.00000000e+00

Max-Norm error: 1.35691088e-01
<end of output>
Test time =   0.00 sec
----------------------------------------------------------
Test Passed.
"1D-1" end time: Jun 22 20:29 CEST
"1D-1" time elapsed: 00:00:00
----------------------------------------------------------

2/45 Testing: 1D-2
2/45 Test: 1D-2
Command: "/Users/touzani/ofeli/build/demos/1D/heat" "10" "0.1"
Directory: /Users/touzani/ofeli/build/demos/1D
"1D-2" start time: Jun 22 20:29 CEST
Output:
----------------------------------------------------------

====================================================================
Copyright (c) 1998 - 2022 by Rachid Touzani

This is free software, and your are allowed to redistribute it
under certain conditions. Details are distributed with the software.

====================================================================
Release: 5.0.1
Date of Release: 22-02
---------------------------------------------------
Date of latest library building : Jun 22 2022
====================================================================
ofeli comes with ABSOLUTELY NO WARRANTY.
====================================================================

A PROGRAM TO TEST THE HEAT EQUATION

Number of grid points: 10
Time step:             0.1
L2-Norm Error =        0.0220511
<end of output>
Test time =   0.08 sec
----------------------------------------------------------
Test Passed.
"1D-2" end time: Jun 22 20:29 CEST
"1D-2" time elapsed: 00:00:00
----------------------------------------------------------

3/45 Testing: 1D-3
3/45 Test: 1D-3
Command: "/Users/touzani/ofeli/build/demos/1D/transport" "10" "0.1"
Directory: /Users/touzani/ofeli/build/demos/1D
"1D-3" start time: Jun 22 20:29 CEST
Output:
----------------------------------------------------------

====================================================================
Copyright (c) 1998 - 2022 by Rachid Touzani

This is free software, and your are allowed to redistribute it
under certain conditions. Details are distributed with the software.

====================================================================
Release: 5.0.1
Date of Release: 22-02
---------------------------------------------------
Date of latest library building : Jun 22 2022
====================================================================
ofeli comes with ABSOLUTELY NO WARRANTY.
====================================================================

A PROGRAM TO TEST A 1-D LINEAR TRANSPORT EQUATION

Number of grid intervals: 10
Time step:                0.1
CFL:                      0.4
<end of output>
Test time =   0.05 sec
----------------------------------------------------------
Test Passed.
"1D-3" end time: Jun 22 20:29 CEST
"1D-3" time elapsed: 00:00:00
----------------------------------------------------------

4/45 Testing: ad1
4/45 Test: ad1
Command: "/Users/touzani/ofeli/build/demos/adapt/ad1" "rect.dom"
Directory: /Users/touzani/ofeli/build/demos/adapt
"ad1" start time: Jun 22 20:29 CEST
Output:
----------------------------------------------------------

SUMMARY OF ADAPTION PROCESS:
Number of adaption iterations:	     2
Number of nodes:		  1121
Number of elements:		  2040
<end of output>
Test time =   0.57 sec
----------------------------------------------------------
Test Passed.
"ad1" end time: Jun 22 20:29 CEST
"ad1" time elapsed: 00:00:00
----------------------------------------------------------

5/45 Testing: ad2
5/45 Test: ad2
Command: "/Users/touzani/ofeli/build/demos/adapt/ad2" "rect.dom"
Directory: /Users/touzani/ofeli/build/demos/adapt
"ad2" start time: Jun 22 20:29 CEST
Output:
----------------------------------------------------------

SUMMARY OF ADAPTION PROCESS:
Number of adaption iterations:	     2
Number of nodes:		  5834
Number of elements:		 11296
<end of output>
Test time =   0.78 sec
----------------------------------------------------------
Test Passed.
"ad2" end time: Jun 22 20:29 CEST
"ad2" time elapsed: 00:00:00
----------------------------------------------------------

6/45 Testing: helmholtz
6/45 Test: helmholtz
Command: "/Users/touzani/ofeli/build/demos/electromagnetics/Helmholtz/helmholtz" "proj.dat"
Directory: /Users/touzani/ofeli/build/demos/electromagnetics/Helmholtz
"helmholtz" start time: Jun 22 20:29 CEST
Output:
----------------------------------------------------------


    *******************************************************
    *                      H e l m h o l t z              *
    *            Helmholtz equation in a bounded domain   *
    *******************************************************


=====================================================================

               A Finite Element Code for Helmholtz equation
                        in a 2-D bounded domain

            Helmholtz uses OFELI Library of Finite Element Classes

                           V E R S I O N   1.0

                     Copyright R. Touzani, 1999

=====================================================================

Getting mesh data from file: proj.m ...
Mesh successfully read.
Discrete L2 error = 0.848079
<end of output>
Test time =   0.01 sec
----------------------------------------------------------
Test Passed.
"helmholtz" end time: Jun 22 20:29 CEST
"helmholtz" time elapsed: 00:00:00
----------------------------------------------------------

7/45 Testing: euler2d
7/45 Test: euler2d
Command: "/Users/touzani/ofeli/build/demos/fluid/euler-2d/euler2d" "proj.dat"
Directory: /Users/touzani/ofeli/build/demos/fluid/euler-2d
"euler2d" start time: Jun 22 20:29 CEST
Output:
----------------------------------------------------------
   Automatically set betalim to 0.05
   Automatically set limiter to Minmod
   Automatically set method to First Order
Performing step 1 at time: 0 ...
Saving step 1 at time: 0.00164829
Performing step 2 at time: 0.00329657 ...
Saving step 2 at time: 0.00324765
Performing step 3 at time: 0.00484701 ...
Saving step 3 at time: 0.00485322
Performing step 4 at time: 0.00645879 ...
Saving step 4 at time: 0.00647751
Performing step 5 at time: 0.00810181 ...
Saving step 5 at time: 0.00808119
Performing step 6 at time: 0.00968487 ...
Saving step 6 at time: 0.00970844
Performing step 7 at time: 0.0113357 ...
Saving step 7 at time: 0.0113451
Performing step 8 at time: 0.0129818 ...
Saving step 8 at time: 0.012987
Performing step 9 at time: 0.0146288 ...
Saving step 9 at time: 0.0146342
Performing step 10 at time: 0.0162815 ...
Saving step 10 at time: 0.0162817
Performing step 11 at time: 0.0179293 ...
Saving step 11 at time: 0.0179293
Performing step 12 at time: 0.0195769 ...
Saving step 12 at time: 0.0195766
Performing step 13 at time: 0.0212238 ...
Saving step 13 at time: 0.0212218
Performing step 14 at time: 0.0228671 ...
Saving step 14 at time: 0.0228686
Performing step 15 at time: 0.0245155 ...
Saving step 15 at time: 0.0245165
Performing step 16 at time: 0.0261643 ...
Saving step 16 at time: 0.0261645
Performing step 17 at time: 0.0278126 ...
Saving step 17 at time: 0.0278128
Performing step 18 at time: 0.0294611 ...
Saving step 18 at time: 0.0294611
Performing step 19 at time: 0.0311094 ...
Saving step 19 at time: 0.0311094
Performing step 20 at time: 0.0327577 ...
Saving step 20 at time: 0.0327576
Performing step 21 at time: 0.0344059 ...
Saving step 21 at time: 0.0344057
Performing step 22 at time: 0.0360538 ...
Saving step 22 at time: 0.0360538
Performing step 23 at time: 0.0377018 ...
Saving step 23 at time: 0.0377018
Performing step 24 at time: 0.0393498 ...
Saving step 24 at time: 0.0393499
Performing step 25 at time: 0.0409979 ...
Saving step 25 at time: 0.0409979
Performing step 26 at time: 0.042646 ...
Saving step 26 at time: 0.0426461
Performing step 27 at time: 0.0442943 ...
Saving step 27 at time: 0.0442943
Performing step 28 at time: 0.0459426 ...
Saving step 28 at time: 0.0459426
Performing step 29 at time: 0.0475908 ...
Saving step 29 at time: 0.0475908
Performing step 30 at time: 0.0492391 ...
Saving step 30 at time: 0.0492391
Performing step 31 at time: 0.0508873 ...
Saving step 31 at time: 0.0508874
Performing step 32 at time: 0.0525356 ...
Saving step 32 at time: 0.0525356
Performing step 33 at time: 0.0541839 ...
Saving step 33 at time: 0.0541839
Performing step 34 at time: 0.0558321 ...
Saving step 34 at time: 0.0558321
Performing step 35 at time: 0.0574804 ...
Saving step 35 at time: 0.0574804
Performing step 36 at time: 0.0591286 ...
Saving step 36 at time: 0.0591286
Performing step 37 at time: 0.0607769 ...
Saving step 37 at time: 0.0607769
Performing step 38 at time: 0.0624251 ...
Saving step 38 at time: 0.0624251
Performing step 39 at time: 0.0640734 ...
Saving step 39 at time: 0.0640734
Performing step 40 at time: 0.0657216 ...
Saving step 40 at time: 0.0657216
Performing step 41 at time: 0.0673699 ...
Saving step 41 at time: 0.0673699
Performing step 42 at time: 0.0690181 ...
Saving step 42 at time: 0.0690181
Performing step 43 at time: 0.0706664 ...
Saving step 43 at time: 0.0706664
Performing step 44 at time: 0.0723146 ...
Saving step 44 at time: 0.0723146
Performing step 45 at time: 0.0739629 ...
Saving step 45 at time: 0.0739629
Performing step 46 at time: 0.0756112 ...
Saving step 46 at time: 0.0756112
Performing step 47 at time: 0.0772594 ...
Saving step 47 at time: 0.0772594
Performing step 48 at time: 0.0789077 ...
Saving step 48 at time: 0.0789077
Performing step 49 at time: 0.080556 ...
Saving step 49 at time: 0.080556
Performing step 50 at time: 0.0822043 ...
Saving step 50 at time: 0.0822043
Performing step 51 at time: 0.0838526 ...
Saving step 51 at time: 0.0838526
Performing step 52 at time: 0.0855009 ...
Saving step 52 at time: 0.0855009
Performing step 53 at time: 0.0871491 ...
Saving step 53 at time: 0.0871491
Performing step 54 at time: 0.0887974 ...
Saving step 54 at time: 0.0887974
Performing step 55 at time: 0.0904457 ...
Saving step 55 at time: 0.0904457
Performing step 56 at time: 0.092094 ...
Saving step 56 at time: 0.092094
Performing step 57 at time: 0.0937423 ...
Saving step 57 at time: 0.0937423
Performing step 58 at time: 0.0953906 ...
Saving step 58 at time: 0.0953906
Performing step 59 at time: 0.0970388 ...
Saving step 59 at time: 0.0970388
Performing step 60 at time: 0.0986871 ...
Saving step 60 at time: 0.0986871
Performing step 61 at time: 0.100335 ...
Saving step 61 at time: 0.100335
Performing step 62 at time: 0.101984 ...
Saving step 62 at time: 0.101984
Performing step 63 at time: 0.103632 ...
Saving step 63 at time: 0.103632
Performing step 64 at time: 0.10528 ...
Saving step 64 at time: 0.10528
Performing step 65 at time: 0.106929 ...
Saving step 65 at time: 0.106929
Performing step 66 at time: 0.108577 ...
Saving step 66 at time: 0.108577
Performing step 67 at time: 0.110225 ...
Saving step 67 at time: 0.110225
Performing step 68 at time: 0.111873 ...
Saving step 68 at time: 0.111873
Performing step 69 at time: 0.113522 ...
Saving step 69 at time: 0.113522
Performing step 70 at time: 0.11517 ...
Saving step 70 at time: 0.11517
Performing step 71 at time: 0.116818 ...
Saving step 71 at time: 0.116818
Performing step 72 at time: 0.118466 ...
Saving step 72 at time: 0.118466
Performing step 73 at time: 0.120115 ...
Saving step 73 at time: 0.120115
Performing step 74 at time: 0.121763 ...
Saving step 74 at time: 0.121763
Performing step 75 at time: 0.123411 ...
Saving step 75 at time: 0.123411
Performing step 76 at time: 0.12506 ...
Saving step 76 at time: 0.12506
Performing step 77 at time: 0.126708 ...
Saving step 77 at time: 0.126708
Performing step 78 at time: 0.128356 ...
Saving step 78 at time: 0.128356
Performing step 79 at time: 0.130004 ...
Saving step 79 at time: 0.130004
Performing step 80 at time: 0.131653 ...
Saving step 80 at time: 0.131653
Performing step 81 at time: 0.133301 ...
Saving step 81 at time: 0.133301
Performing step 82 at time: 0.134949 ...
Saving step 82 at time: 0.134949
Performing step 83 at time: 0.136598 ...
Saving step 83 at time: 0.136598
Performing step 84 at time: 0.138246 ...
Saving step 84 at time: 0.138246
Performing step 85 at time: 0.139894 ...
Saving step 85 at time: 0.139894
Performing step 86 at time: 0.141542 ...
Saving step 86 at time: 0.141542
Performing step 87 at time: 0.143191 ...
Saving step 87 at time: 0.143191
Performing step 88 at time: 0.144839 ...
Saving step 88 at time: 0.144839
Performing step 89 at time: 0.146487 ...
Saving step 89 at time: 0.146487
Performing step 90 at time: 0.148136 ...
Saving step 90 at time: 0.148136
Performing step 91 at time: 0.149784 ...
Saving step 91 at time: 0.149784
Performing step 92 at time: 0.151432 ...
Saving step 92 at time: 0.151432
Performing step 93 at time: 0.15308 ...
Saving step 93 at time: 0.15308
Performing step 94 at time: 0.154729 ...
Saving step 94 at time: 0.154729
Performing step 95 at time: 0.156377 ...
Saving step 95 at time: 0.156377
Performing step 96 at time: 0.158025 ...
Saving step 96 at time: 0.158025
Performing step 97 at time: 0.159673 ...
Saving step 97 at time: 0.159673
Performing step 98 at time: 0.161322 ...
Saving step 98 at time: 0.161322
Performing step 99 at time: 0.16297 ...
Saving step 99 at time: 0.16297
Performing step 100 at time: 0.164618 ...
Saving step 100 at time: 0.164618
Performing step 101 at time: 0.166266 ...
Saving step 101 at time: 0.166266
Performing step 102 at time: 0.167915 ...
Saving step 102 at time: 0.167915
Performing step 103 at time: 0.169563 ...
Saving step 103 at time: 0.169563
Performing step 104 at time: 0.171211 ...
Saving step 104 at time: 0.171211
Performing step 105 at time: 0.17286 ...
Saving step 105 at time: 0.17286
Performing step 106 at time: 0.174508 ...
Saving step 106 at time: 0.174508
Performing step 107 at time: 0.176156 ...
Saving step 107 at time: 0.176156
Performing step 108 at time: 0.177805 ...
Saving step 108 at time: 0.177805
Performing step 109 at time: 0.179453 ...
Saving step 109 at time: 0.179453
Performing step 110 at time: 0.181101 ...
Saving step 110 at time: 0.181102
Performing step 111 at time: 0.18275 ...
Saving step 111 at time: 0.182751
Performing step 112 at time: 0.184399 ...
Saving step 112 at time: 0.1844
Performing step 113 at time: 0.186049 ...
Saving step 113 at time: 0.18605
Performing step 114 at time: 0.1877 ...
Saving step 114 at time: 0.187701
Performing step 115 at time: 0.189353 ...
Saving step 115 at time: 0.189355
Performing step 116 at time: 0.191008 ...
Saving step 116 at time: 0.191012
Performing step 117 at time: 0.192669 ...
Saving step 117 at time: 0.192674
Performing step 118 at time: 0.194336 ...
Saving step 118 at time: 0.194347
Performing step 119 at time: 0.19602 ...
Saving step 119 at time: 0.196035
Performing step 120 at time: 0.197723 ...
Saving step 120 at time: 0.197757
Performing step 121 at time: 0.199479 ...
Saving step 121 at time: 0.199523
Performing step 122 at time: 0.20129 ...
Saving step 122 at time: 0.201311
<end of output>
Test time =   5.14 sec
----------------------------------------------------------
Test Passed.
"euler2d" end time: Jun 22 20:30 CEST
"euler2d" time elapsed: 00:00:05
----------------------------------------------------------

8/45 Testing: lh2d
8/45 Test: lh2d
Command: "/Users/touzani/ofeli/build/demos/fluid/lh2d/lh2d" "proj.dat"
Directory: /Users/touzani/ofeli/build/demos/fluid/lh2d
"lh2d" start time: Jun 22 20:30 CEST
Output:
----------------------------------------------------------
   Automatically set betalim to 0.05
   Automatically set limiter to Minmod
   Automatically set method to First Order
Saving step 20 at time 0.201674
Saving step 40 at time 0.403347
Saving step 60 at time 0.605021
Saving step 80 at time 0.806694
Saving step 100 at time 1.00837
Saving step 120 at time 1.21004
Saving step 140 at time 1.41171
Saving step 160 at time 1.61339
Saving step 180 at time 1.81506
Saving step 200 at time 2.01674
Saving step 220 at time 2.21841
Saving step 240 at time 2.42008
Saving step 260 at time 2.62176
Saving step 280 at time 2.82343
Saving step 300 at time 3.0251
Saving step 320 at time 3.22678
Saving step 340 at time 3.42845
Saving step 360 at time 3.63012
Saving step 380 at time 3.8318
Saving step 400 at time 4.03347
Saving step 420 at time 4.23514
Saving step 440 at time 4.43682
Saving step 460 at time 4.63849
Saving step 480 at time 4.84017
Saving step 500 at time 5.04184
Saving step 520 at time 5.24351
Saving step 540 at time 5.44519
Saving step 560 at time 5.64686
Saving step 580 at time 5.84853
<end of output>
Test time =   2.33 sec
----------------------------------------------------------
Test Passed.
"lh2d" end time: Jun 22 20:30 CEST
"lh2d" time elapsed: 00:00:02
----------------------------------------------------------

9/45 Testing: tiff2
9/45 Test: tiff2
Command: "/Users/touzani/ofeli/build/demos/fluid/tiff2/tiff2" "cavity.dat"
Directory: /Users/touzani/ofeli/build/demos/fluid/tiff2
"tiff2" start time: Jun 22 20:30 CEST
Output:
----------------------------------------------------------
=====================================================================

                             T  I  F  F  2

         A Finite Element Code for Transient Incompressible
                 Fluid Flow Simulation in 2-D Geometries


              tiff2 uses OFELI Library of Finite Element Classes

                             V E R S I O N   1.0

                       Copyright R. Touzani, 1998

=====================================================================

Reading mesh data ...
Getting mesh data from file: cavity.m ...
Mesh successfully read.
Performing time step 1 ...
Step: 1, Time: 0.02
Performing time step 2 ...
Step: 2, Time: 0.04
Performing time step 3 ...
Step: 3, Time: 0.06
Performing time step 4 ...
Step: 4, Time: 0.08
Performing time step 5 ...
Step: 5, Time: 0.1
Performing time step 6 ...
Step: 6, Time: 0.12
Performing time step 7 ...
Step: 7, Time: 0.14
Performing time step 8 ...
Step: 8, Time: 0.16
Performing time step 9 ...
Step: 9, Time: 0.18
Performing time step 10 ...
Step: 10, Time: 0.2
Performing time step 11 ...
Step: 11, Time: 0.22
Performing time step 12 ...
Step: 12, Time: 0.24
Performing time step 13 ...
Step: 13, Time: 0.26
Performing time step 14 ...
Step: 14, Time: 0.28
Performing time step 15 ...
Step: 15, Time: 0.3
Performing time step 16 ...
Step: 16, Time: 0.32
Performing time step 17 ...
Step: 17, Time: 0.34
Performing time step 18 ...
Step: 18, Time: 0.36
Performing time step 19 ...
Step: 19, Time: 0.38
Performing time step 20 ...
Step: 20, Time: 0.4
Performing time step 21 ...
Step: 21, Time: 0.42
Performing time step 22 ...
Step: 22, Time: 0.44
Performing time step 23 ...
Step: 23, Time: 0.46
Performing time step 24 ...
Step: 24, Time: 0.48
Performing time step 25 ...
Step: 25, Time: 0.5
Performing time step 26 ...
Step: 26, Time: 0.52
Performing time step 27 ...
Step: 27, Time: 0.54
Performing time step 28 ...
Step: 28, Time: 0.56
Performing time step 29 ...
Step: 29, Time: 0.58
Performing time step 30 ...
Step: 30, Time: 0.6
Performing time step 31 ...
Step: 31, Time: 0.62
Performing time step 32 ...
Step: 32, Time: 0.64
Performing time step 33 ...
Step: 33, Time: 0.66
Performing time step 34 ...
Step: 34, Time: 0.68
Performing time step 35 ...
Step: 35, Time: 0.7
Performing time step 36 ...
Step: 36, Time: 0.72
Performing time step 37 ...
Step: 37, Time: 0.74
Performing time step 38 ...
Step: 38, Time: 0.76
Performing time step 39 ...
Step: 39, Time: 0.78
Performing time step 40 ...
Step: 40, Time: 0.8
Performing time step 41 ...
Step: 41, Time: 0.82
Performing time step 42 ...
Step: 42, Time: 0.84
Performing time step 43 ...
Step: 43, Time: 0.86
Performing time step 44 ...
Step: 44, Time: 0.88
Performing time step 45 ...
Step: 45, Time: 0.9
Performing time step 46 ...
Step: 46, Time: 0.92
Performing time step 47 ...
Step: 47, Time: 0.94
Performing time step 48 ...
Step: 48, Time: 0.96
Performing time step 49 ...
Step: 49, Time: 0.98
Performing time step 50 ...
Step: 50, Time: 1
Performing time step 51 ...
Step: 51, Time: 1.02
Performing time step 52 ...
Step: 52, Time: 1.04
Performing time step 53 ...
Step: 53, Time: 1.06
Performing time step 54 ...
Step: 54, Time: 1.08
Performing time step 55 ...
Step: 55, Time: 1.1
Performing time step 56 ...
Step: 56, Time: 1.12
Performing time step 57 ...
Step: 57, Time: 1.14
Performing time step 58 ...
Step: 58, Time: 1.16
Performing time step 59 ...
Step: 59, Time: 1.18
Performing time step 60 ...
Step: 60, Time: 1.2
Performing time step 61 ...
Step: 61, Time: 1.22
Performing time step 62 ...
Step: 62, Time: 1.24
Performing time step 63 ...
Step: 63, Time: 1.26
Performing time step 64 ...
Step: 64, Time: 1.28
Performing time step 65 ...
Step: 65, Time: 1.3
Performing time step 66 ...
Step: 66, Time: 1.32
Performing time step 67 ...
Step: 67, Time: 1.34
Performing time step 68 ...
Step: 68, Time: 1.36
Performing time step 69 ...
Step: 69, Time: 1.38
Performing time step 70 ...
Step: 70, Time: 1.4
Performing time step 71 ...
Step: 71, Time: 1.42
Performing time step 72 ...
Step: 72, Time: 1.44
Performing time step 73 ...
Step: 73, Time: 1.46
Performing time step 74 ...
Step: 74, Time: 1.48
Performing time step 75 ...
Step: 75, Time: 1.5
Performing time step 76 ...
Step: 76, Time: 1.52
Performing time step 77 ...
Step: 77, Time: 1.54
Performing time step 78 ...
Step: 78, Time: 1.56
Performing time step 79 ...
Step: 79, Time: 1.58
Performing time step 80 ...
Step: 80, Time: 1.6
Performing time step 81 ...
Step: 81, Time: 1.62
Performing time step 82 ...
Step: 82, Time: 1.64
Performing time step 83 ...
Step: 83, Time: 1.66
Performing time step 84 ...
Step: 84, Time: 1.68
Performing time step 85 ...
Step: 85, Time: 1.7
Performing time step 86 ...
Step: 86, Time: 1.72
Performing time step 87 ...
Step: 87, Time: 1.74
Performing time step 88 ...
Step: 88, Time: 1.76
Performing time step 89 ...
Step: 89, Time: 1.78
Performing time step 90 ...
Step: 90, Time: 1.8
Performing time step 91 ...
Step: 91, Time: 1.82
Performing time step 92 ...
Step: 92, Time: 1.84
Performing time step 93 ...
Step: 93, Time: 1.86
Performing time step 94 ...
Step: 94, Time: 1.88
Performing time step 95 ...
Step: 95, Time: 1.9
Performing time step 96 ...
Step: 96, Time: 1.92
Performing time step 97 ...
Step: 97, Time: 1.94
Performing time step 98 ...
Step: 98, Time: 1.96
Performing time step 99 ...
Step: 99, Time: 1.98
Performing time step 100 ...
Step: 100, Time: 2
Performing time step 101 ...
Step: 101, Time: 2.02
Performing time step 102 ...
Step: 102, Time: 2.04
Performing time step 103 ...
Step: 103, Time: 2.06
Performing time step 104 ...
Step: 104, Time: 2.08
Performing time step 105 ...
Step: 105, Time: 2.1
Performing time step 106 ...
Step: 106, Time: 2.12
Performing time step 107 ...
Step: 107, Time: 2.14
Performing time step 108 ...
Step: 108, Time: 2.16
Performing time step 109 ...
Step: 109, Time: 2.18
Performing time step 110 ...
Step: 110, Time: 2.2
Performing time step 111 ...
Step: 111, Time: 2.22
Performing time step 112 ...
Step: 112, Time: 2.24
Performing time step 113 ...
Step: 113, Time: 2.26
Performing time step 114 ...
Step: 114, Time: 2.28
Performing time step 115 ...
Step: 115, Time: 2.3
Performing time step 116 ...
Step: 116, Time: 2.32
Performing time step 117 ...
Step: 117, Time: 2.34
Performing time step 118 ...
Step: 118, Time: 2.36
Performing time step 119 ...
Step: 119, Time: 2.38
Performing time step 120 ...
Step: 120, Time: 2.4
Performing time step 121 ...
Step: 121, Time: 2.42
Performing time step 122 ...
Step: 122, Time: 2.44
Performing time step 123 ...
Step: 123, Time: 2.46
Performing time step 124 ...
Step: 124, Time: 2.48
Performing time step 125 ...
Step: 125, Time: 2.5
Performing time step 126 ...
Step: 126, Time: 2.52
Performing time step 127 ...
Step: 127, Time: 2.54
Performing time step 128 ...
Step: 128, Time: 2.56
Performing time step 129 ...
Step: 129, Time: 2.58
Performing time step 130 ...
Step: 130, Time: 2.6
Performing time step 131 ...
Step: 131, Time: 2.62
Performing time step 132 ...
Step: 132, Time: 2.64
Performing time step 133 ...
Step: 133, Time: 2.66
Performing time step 134 ...
Step: 134, Time: 2.68
Performing time step 135 ...
Step: 135, Time: 2.7
Performing time step 136 ...
Step: 136, Time: 2.72
Performing time step 137 ...
Step: 137, Time: 2.74
Performing time step 138 ...
Step: 138, Time: 2.76
Performing time step 139 ...
Step: 139, Time: 2.78
Performing time step 140 ...
Step: 140, Time: 2.8
Performing time step 141 ...
Step: 141, Time: 2.82
Performing time step 142 ...
Step: 142, Time: 2.84
Performing time step 143 ...
Step: 143, Time: 2.86
Performing time step 144 ...
Step: 144, Time: 2.88
Performing time step 145 ...
Step: 145, Time: 2.9
Performing time step 146 ...
Step: 146, Time: 2.92
Performing time step 147 ...
Step: 147, Time: 2.94
Performing time step 148 ...
Step: 148, Time: 2.96
Performing time step 149 ...
Step: 149, Time: 2.98
Performing time step 150 ...
Step: 150, Time: 3
Performing time step 151 ...
Step: 151, Time: 3.02
Performing time step 152 ...
Step: 152, Time: 3.04
Performing time step 153 ...
Step: 153, Time: 3.06
Performing time step 154 ...
Step: 154, Time: 3.08
Performing time step 155 ...
Step: 155, Time: 3.1
Performing time step 156 ...
Step: 156, Time: 3.12
Performing time step 157 ...
Step: 157, Time: 3.14
Performing time step 158 ...
Step: 158, Time: 3.16
Performing time step 159 ...
Step: 159, Time: 3.18
Performing time step 160 ...
Step: 160, Time: 3.2
Performing time step 161 ...
Step: 161, Time: 3.22
Performing time step 162 ...
Step: 162, Time: 3.24
Performing time step 163 ...
Step: 163, Time: 3.26
Performing time step 164 ...
Step: 164, Time: 3.28
Performing time step 165 ...
Step: 165, Time: 3.3
Performing time step 166 ...
Step: 166, Time: 3.32
Performing time step 167 ...
Step: 167, Time: 3.34
Performing time step 168 ...
Step: 168, Time: 3.36
Performing time step 169 ...
Step: 169, Time: 3.38
Performing time step 170 ...
Step: 170, Time: 3.4
Performing time step 171 ...
Step: 171, Time: 3.42
Performing time step 172 ...
Step: 172, Time: 3.44
Performing time step 173 ...
Step: 173, Time: 3.46
Performing time step 174 ...
Step: 174, Time: 3.48
Performing time step 175 ...
Step: 175, Time: 3.5
Performing time step 176 ...
Step: 176, Time: 3.52
Performing time step 177 ...
Step: 177, Time: 3.54
Performing time step 178 ...
Step: 178, Time: 3.56
Performing time step 179 ...
Step: 179, Time: 3.58
Performing time step 180 ...
Step: 180, Time: 3.6
Performing time step 181 ...
Step: 181, Time: 3.62
Performing time step 182 ...
Step: 182, Time: 3.64
Performing time step 183 ...
Step: 183, Time: 3.66
Performing time step 184 ...
Step: 184, Time: 3.68
Performing time step 185 ...
Step: 185, Time: 3.7
Performing time step 186 ...
Step: 186, Time: 3.72
Performing time step 187 ...
Step: 187, Time: 3.74
Performing time step 188 ...
Step: 188, Time: 3.76
Performing time step 189 ...
Step: 189, Time: 3.78
Performing time step 190 ...
Step: 190, Time: 3.8
Performing time step 191 ...
Step: 191, Time: 3.82
Performing time step 192 ...
Step: 192, Time: 3.84
Performing time step 193 ...
Step: 193, Time: 3.86
Performing time step 194 ...
Step: 194, Time: 3.88
Performing time step 195 ...
Step: 195, Time: 3.9
Performing time step 196 ...
Step: 196, Time: 3.92
Performing time step 197 ...
Step: 197, Time: 3.94
Performing time step 198 ...
Step: 198, Time: 3.96
Performing time step 199 ...
Step: 199, Time: 3.98
Performing time step 200 ...
Step: 200, Time: 4
Performing time step 201 ...
Step: 201, Time: 4.02
Performing time step 202 ...
Step: 202, Time: 4.04
Performing time step 203 ...
Step: 203, Time: 4.06
Performing time step 204 ...
Step: 204, Time: 4.08
Performing time step 205 ...
Step: 205, Time: 4.1
Performing time step 206 ...
Step: 206, Time: 4.12
Performing time step 207 ...
Step: 207, Time: 4.14
Performing time step 208 ...
Step: 208, Time: 4.16
Performing time step 209 ...
Step: 209, Time: 4.18
Performing time step 210 ...
Step: 210, Time: 4.2
Performing time step 211 ...
Step: 211, Time: 4.22
Performing time step 212 ...
Step: 212, Time: 4.24
Performing time step 213 ...
Step: 213, Time: 4.26
Performing time step 214 ...
Step: 214, Time: 4.28
Performing time step 215 ...
Step: 215, Time: 4.3
Performing time step 216 ...
Step: 216, Time: 4.32
Performing time step 217 ...
Step: 217, Time: 4.34
Performing time step 218 ...
Step: 218, Time: 4.36
Performing time step 219 ...
Step: 219, Time: 4.38
Performing time step 220 ...
Step: 220, Time: 4.4
Performing time step 221 ...
Step: 221, Time: 4.42
Performing time step 222 ...
Step: 222, Time: 4.44
Performing time step 223 ...
Step: 223, Time: 4.46
Performing time step 224 ...
Step: 224, Time: 4.48
Performing time step 225 ...
Step: 225, Time: 4.5
Performing time step 226 ...
Step: 226, Time: 4.52
Performing time step 227 ...
Step: 227, Time: 4.54
Performing time step 228 ...
Step: 228, Time: 4.56
Performing time step 229 ...
Step: 229, Time: 4.58
Performing time step 230 ...
Step: 230, Time: 4.6
Performing time step 231 ...
Step: 231, Time: 4.62
Performing time step 232 ...
Step: 232, Time: 4.64
Performing time step 233 ...
Step: 233, Time: 4.66
Performing time step 234 ...
Step: 234, Time: 4.68
Performing time step 235 ...
Step: 235, Time: 4.7
Performing time step 236 ...
Step: 236, Time: 4.72
Performing time step 237 ...
Step: 237, Time: 4.74
Performing time step 238 ...
Step: 238, Time: 4.76
Performing time step 239 ...
Step: 239, Time: 4.78
Performing time step 240 ...
Step: 240, Time: 4.8
Performing time step 241 ...
Step: 241, Time: 4.82
Performing time step 242 ...
Step: 242, Time: 4.84
Performing time step 243 ...
Step: 243, Time: 4.86
Performing time step 244 ...
Step: 244, Time: 4.88
Performing time step 245 ...
Step: 245, Time: 4.9
Performing time step 246 ...
Step: 246, Time: 4.92
Performing time step 247 ...
Step: 247, Time: 4.94
Performing time step 248 ...
Step: 248, Time: 4.96
Performing time step 249 ...
Step: 249, Time: 4.98
Performing time step 250 ...
Step: 250, Time: 5
<end of output>
Test time =   0.19 sec
----------------------------------------------------------
Test Passed.
"tiff2" end time: Jun 22 20:30 CEST
"tiff2" time elapsed: 00:00:00
----------------------------------------------------------

10/45 Testing: tins2
10/45 Test: tins2
Command: "/Users/touzani/ofeli/build/demos/fluid/tins2/tins2" "cavity.dat"
Directory: /Users/touzani/ofeli/build/demos/fluid/tins2
"tins2" start time: Jun 22 20:30 CEST
Output:
----------------------------------------------------------
Getting mesh data from file: cavity-30.m ...

=================================================================================

                                   tins2

                       A Finite Element Code for
             2-D Dynamic Incompressible Fluid Flow Analysis

                          V E R S I O N   2.0

=================================================================================


Performing step: 1, time: 0.01

Performing step: 2, time: 0.02

Performing step: 3, time: 0.03

Performing step: 4, time: 0.04

Performing step: 5, time: 0.05

Performing step: 6, time: 0.06

Performing step: 7, time: 0.07

Performing step: 8, time: 0.08

Performing step: 9, time: 0.09

Performing step: 10, time: 0.1

Performing step: 11, time: 0.11

Performing step: 12, time: 0.12

Performing step: 13, time: 0.13

Performing step: 14, time: 0.14

Performing step: 15, time: 0.15

Performing step: 16, time: 0.16

Performing step: 17, time: 0.17

Performing step: 18, time: 0.18

Performing step: 19, time: 0.19

Performing step: 20, time: 0.2

Performing step: 21, time: 0.21

Performing step: 22, time: 0.22

Performing step: 23, time: 0.23

Performing step: 24, time: 0.24

Performing step: 25, time: 0.25

Performing step: 26, time: 0.26

Performing step: 27, time: 0.27

Performing step: 28, time: 0.28

Performing step: 29, time: 0.29

Performing step: 30, time: 0.3

Performing step: 31, time: 0.31

Performing step: 32, time: 0.32

Performing step: 33, time: 0.33

Performing step: 34, time: 0.34

Performing step: 35, time: 0.35

Performing step: 36, time: 0.36

Performing step: 37, time: 0.37

Performing step: 38, time: 0.38

Performing step: 39, time: 0.39

Performing step: 40, time: 0.4

Performing step: 41, time: 0.41

Performing step: 42, time: 0.42

Performing step: 43, time: 0.43

Performing step: 44, time: 0.44

Performing step: 45, time: 0.45

Performing step: 46, time: 0.46

Performing step: 47, time: 0.47

Performing step: 48, time: 0.48

Performing step: 49, time: 0.49

Performing step: 50, time: 0.5

Performing step: 51, time: 0.51

Performing step: 52, time: 0.52

Performing step: 53, time: 0.53

Performing step: 54, time: 0.54

Performing step: 55, time: 0.55

Performing step: 56, time: 0.56

Performing step: 57, time: 0.57

Performing step: 58, time: 0.58

Performing step: 59, time: 0.59

Performing step: 60, time: 0.6

Performing step: 61, time: 0.61

Performing step: 62, time: 0.62

Performing step: 63, time: 0.63

Performing step: 64, time: 0.64

Performing step: 65, time: 0.65

Performing step: 66, time: 0.66

Performing step: 67, time: 0.67

Performing step: 68, time: 0.68

Performing step: 69, time: 0.69

Performing step: 70, time: 0.7

Performing step: 71, time: 0.71

Performing step: 72, time: 0.72

Performing step: 73, time: 0.73

Performing step: 74, time: 0.74

Performing step: 75, time: 0.75

Performing step: 76, time: 0.76

Performing step: 77, time: 0.77

Performing step: 78, time: 0.78

Performing step: 79, time: 0.79

Performing step: 80, time: 0.8

Performing step: 81, time: 0.81

Performing step: 82, time: 0.82

Performing step: 83, time: 0.83

Performing step: 84, time: 0.84

Performing step: 85, time: 0.85

Performing step: 86, time: 0.86

Performing step: 87, time: 0.87

Performing step: 88, time: 0.88

Performing step: 89, time: 0.89

Performing step: 90, time: 0.9

Performing step: 91, time: 0.91

Performing step: 92, time: 0.92

Performing step: 93, time: 0.93

Performing step: 94, time: 0.94

Performing step: 95, time: 0.95

Performing step: 96, time: 0.96

Performing step: 97, time: 0.97

Performing step: 98, time: 0.98

Performing step: 99, time: 0.99

Performing step: 100, time: 1

Performing step: 101, time: 1.01

Performing step: 102, time: 1.02

Performing step: 103, time: 1.03

Performing step: 104, time: 1.04

Performing step: 105, time: 1.05

Performing step: 106, time: 1.06

Performing step: 107, time: 1.07

Performing step: 108, time: 1.08

Performing step: 109, time: 1.09

Performing step: 110, time: 1.1

Performing step: 111, time: 1.11

Performing step: 112, time: 1.12

Performing step: 113, time: 1.13

Performing step: 114, time: 1.14

Performing step: 115, time: 1.15

Performing step: 116, time: 1.16

Performing step: 117, time: 1.17

Performing step: 118, time: 1.18

Performing step: 119, time: 1.19

Performing step: 120, time: 1.2

Performing step: 121, time: 1.21

Performing step: 122, time: 1.22

Performing step: 123, time: 1.23

Performing step: 124, time: 1.24

Performing step: 125, time: 1.25

Performing step: 126, time: 1.26

Performing step: 127, time: 1.27

Performing step: 128, time: 1.28

Performing step: 129, time: 1.29

Performing step: 130, time: 1.3

Performing step: 131, time: 1.31

Performing step: 132, time: 1.32

Performing step: 133, time: 1.33

Performing step: 134, time: 1.34

Performing step: 135, time: 1.35

Performing step: 136, time: 1.36

Performing step: 137, time: 1.37

Performing step: 138, time: 1.38

Performing step: 139, time: 1.39

Performing step: 140, time: 1.4

Performing step: 141, time: 1.41

Performing step: 142, time: 1.42

Performing step: 143, time: 1.43

Performing step: 144, time: 1.44

Performing step: 145, time: 1.45

Performing step: 146, time: 1.46

Performing step: 147, time: 1.47

Performing step: 148, time: 1.48

Performing step: 149, time: 1.49

Performing step: 150, time: 1.5

Performing step: 151, time: 1.51

Performing step: 152, time: 1.52

Performing step: 153, time: 1.53

Performing step: 154, time: 1.54

Performing step: 155, time: 1.55

Performing step: 156, time: 1.56

Performing step: 157, time: 1.57

Performing step: 158, time: 1.58

Performing step: 159, time: 1.59

Performing step: 160, time: 1.6

Performing step: 161, time: 1.61

Performing step: 162, time: 1.62

Performing step: 163, time: 1.63

Performing step: 164, time: 1.64

Performing step: 165, time: 1.65

Performing step: 166, time: 1.66

Performing step: 167, time: 1.67

Performing step: 168, time: 1.68

Performing step: 169, time: 1.69

Performing step: 170, time: 1.7

Performing step: 171, time: 1.71

Performing step: 172, time: 1.72

Performing step: 173, time: 1.73

Performing step: 174, time: 1.74

Performing step: 175, time: 1.75

Performing step: 176, time: 1.76

Performing step: 177, time: 1.77

Performing step: 178, time: 1.78

Performing step: 179, time: 1.79

Performing step: 180, time: 1.8

Performing step: 181, time: 1.81

Performing step: 182, time: 1.82

Performing step: 183, time: 1.83

Performing step: 184, time: 1.84

Performing step: 185, time: 1.85

Performing step: 186, time: 1.86

Performing step: 187, time: 1.87

Performing step: 188, time: 1.88

Performing step: 189, time: 1.89

Performing step: 190, time: 1.9

Performing step: 191, time: 1.91

Performing step: 192, time: 1.92

Performing step: 193, time: 1.93

Performing step: 194, time: 1.94

Performing step: 195, time: 1.95

Performing step: 196, time: 1.96

Performing step: 197, time: 1.97

Performing step: 198, time: 1.98

Performing step: 199, time: 1.99

Performing step: 200, time: 2
<end of output>
Test time =   1.93 sec
----------------------------------------------------------
Test Passed.
"tins2" end time: Jun 22 20:30 CEST
"tins2" time elapsed: 00:00:01
----------------------------------------------------------

11/45 Testing: fmm
11/45 Test: fmm
Command: "/Users/touzani/ofeli/build/demos/interface/fmm_demo" "2"
Directory: /Users/touzani/ofeli/build/demos/interface
"fmm" start time: Jun 22 20:30 CEST
Output:
----------------------------------------------------------
Consistency error: 0.029256
Solution is stored in file 'u.pos' for plotting with gmsh
<end of output>
Test time =   0.07 sec
----------------------------------------------------------
Test Passed.
"fmm" end time: Jun 22 20:30 CEST
"fmm" time elapsed: 00:00:00
----------------------------------------------------------

12/45 Testing: laplace1
12/45 Test: laplace1
Command: "/Users/touzani/ofeli/build/demos/laplace/laplace_demo1" "proj2.dat"
Directory: /Users/touzani/ofeli/build/demos/laplace
"laplace1" start time: Jun 22 20:30 CEST
Output:
----------------------------------------------------------


    *******************************************************
    *               l a p l a c e - d e m o 1             *
    *       A demo program for the Laplace equation       *
    *              using P1 finite elements               *
    *******************************************************


Getting mesh data from file: square.m ...
Mesh successfully read.
Solving the Laplace equation in 2D using P1 finite element triangle.
Linear system solver: Conjugate Gradient method.
Preconditioner: Symmetric Successive Over Relaxation.
Convergence after 16 iterations.
L2-Error: 0.000100577
<end of output>
Test time =   0.10 sec
----------------------------------------------------------
Test Passed.
"laplace1" end time: Jun 22 20:30 CEST
"laplace1" time elapsed: 00:00:00
----------------------------------------------------------

13/45 Testing: laplace2
13/45 Test: laplace2
Command: "/Users/touzani/ofeli/build/demos/laplace/laplace_demo2" "proj2.dat"
Directory: /Users/touzani/ofeli/build/demos/laplace
"laplace2" start time: Jun 22 20:30 CEST
Output:
----------------------------------------------------------


    *******************************************************
    *               l a p l a c e - d e m o 2             *
    *       A demo program for the Laplace equation       *
    *            using P2 finite elements                 *
    *******************************************************


Getting mesh data from file: square.m ...
Mesh successfully read.
Creating all mesh sides ...
Saving mesh data in XML file: mesh-P2.m ...
Solving the Laplace equation in 2D using P2 finite element triangle.
Convergence after 34 iterations.
L2-Error: 1.61551e-06
<end of output>
Test time =   0.02 sec
----------------------------------------------------------
Test Passed.
"laplace2" end time: Jun 22 20:30 CEST
"laplace2" time elapsed: 00:00:00
----------------------------------------------------------

14/45 Testing: laplace3
14/45 Test: laplace3
Command: "/Users/touzani/ofeli/build/demos/laplace/laplace_demo3" "proj3.dat"
Directory: /Users/touzani/ofeli/build/demos/laplace
"laplace3" start time: Jun 22 20:30 CEST
Output:
----------------------------------------------------------


    *******************************************************
    *               l a p l a c e - d e m o 3             *
    *   A demo program for the 3-D Laplace equation       *
    *            using P1 finite elements                 *
    *******************************************************


Getting mesh data from file: cube.m ...
Mesh successfully read.
Solving the Laplace equation in 3D using P1 finite element tetrahedron.
Convergence after 72 iterations.
L2-Error: 0.000258089
<end of output>
Test time =   9.10 sec
----------------------------------------------------------
Test Passed.
"laplace3" end time: Jun 22 20:30 CEST
"laplace3" time elapsed: 00:00:09
----------------------------------------------------------

15/45 Testing: laplace4
15/45 Test: laplace4
Command: "/Users/touzani/ofeli/build/demos/laplace/laplace_demo4" "proj.dat"
Directory: /Users/touzani/ofeli/build/demos/laplace
"laplace4" start time: Jun 22 20:30 CEST
Output:
----------------------------------------------------------


    *******************************************************
    *               l a p l a c e - d e m o 4             *
    *   A demo program for the Steklov-Poincare problem   *
    *              using P0 boundary elements             *
    *******************************************************


Getting mesh data from file: annulus.m ...
Mesh successfully read.
Creating all mesh sides ...
Running preconditioned GMRes method ...
Convergence of the GMRes method after 4 iterations.
L2 solution norm: 0.488885
<end of output>
Test time =   0.05 sec
----------------------------------------------------------
Test Passed.
"laplace4" end time: Jun 22 20:30 CEST
"laplace4" time elapsed: 00:00:00
----------------------------------------------------------

16/45 Testing: beam
16/45 Test: beam
Command: "/Users/touzani/ofeli/build/demos/solid/beam/beam" "beam.dat"
Directory: /Users/touzani/ofeli/build/demos/solid/beam
"beam" start time: Jun 22 20:30 CEST
Output:
----------------------------------------------------------
     1       0.00000000e+00    0.00000000e+00    0.00000000e+00    0.00000000e+00    0.00000000e+00    0.00000000e+00
     2       0.00000000e+00    0.00000000e+00    2.50000000e-05    0.00000000e+00    0.00000000e+00    0.00000000e+00
     3       0.00000000e+00    0.00000000e+00    5.00000000e-05    0.00000000e+00    0.00000000e+00    0.00000000e+00
     4       0.00000000e+00    0.00000000e+00    7.50000000e-05    0.00000000e+00    0.00000000e+00    0.00000000e+00
     5       0.00000000e+00    0.00000000e+00    1.00000000e-04    0.00000000e+00    0.00000000e+00    0.00000000e+00
     6       0.00000000e+00    0.00000000e+00    1.25000000e-04    0.00000000e+00    0.00000000e+00    0.00000000e+00
     7       0.00000000e+00    0.00000000e+00    1.50000000e-04    0.00000000e+00    0.00000000e+00    0.00000000e+00
     8       0.00000000e+00    0.00000000e+00    1.75000000e-04    0.00000000e+00    0.00000000e+00    0.00000000e+00
     9       0.00000000e+00    0.00000000e+00    1.75000000e-04    0.00000000e+00    0.00000000e+00    0.00000000e+00

Element     Axial Force       Bending Moment    Twisting Moment   Shear Force
       1 0.00000000e+00 0.00000000e+00 0.00000000e+00 0.00000000e+00
       2 2.00000000e-02 0.00000000e+00 0.00000000e+00 0.00000000e+00
       3 2.00000000e-02 0.00000000e+00 0.00000000e+00 0.00000000e+00
       4 2.00000000e-02 0.00000000e+00 0.00000000e+00 0.00000000e+00
       5 2.00000000e-02 0.00000000e+00 0.00000000e+00 0.00000000e+00
       6 2.00000000e-02 0.00000000e+00 0.00000000e+00 0.00000000e+00
       7 2.00000000e-02 0.00000000e+00 0.00000000e+00 0.00000000e+00
       8 2.00000000e-02 0.00000000e+00 0.00000000e+00 0.00000000e+00
<end of output>
Test time =   0.01 sec
----------------------------------------------------------
Test Passed.
"beam" end time: Jun 22 20:30 CEST
"beam" time elapsed: 00:00:00
----------------------------------------------------------

17/45 Testing: contact
17/45 Test: contact
Command: "/Users/touzani/ofeli/build/demos/solid/contact/contact" "beam.dat"
Directory: /Users/touzani/ofeli/build/demos/solid/contact
"contact" start time: Jun 22 20:30 CEST
Output:
----------------------------------------------------------


contact, version 1.1, Copyright (c) 1998 - 2008 by Rachid Touzani
contact comes with ABSOLUTELY NO WARRANTY.
This is free software, and your are allowed to redistribute it
under certain conditions. Details are distributed with the software.


    *********************************************************
    *                     C o n t a c t                     *
    * Two-Dimensional Linearized Elastostatics with contact *
    *********************************************************


=====================================================================

         A Finite Element Code for Linearized Elastostatics
                      in 2-D Geometries with contact

          Contact uses OFELI Library of Finite Element Classes

                         V E R S I O N   1.1

                     Copyright R. Touzani, 2003

=====================================================================

<end of output>
Test time =   0.03 sec
----------------------------------------------------------
Test Passed.
"contact" end time: Jun 22 20:30 CEST
"contact" time elapsed: 00:00:00
----------------------------------------------------------

18/45 Testing: lelas2d
18/45 Test: lelas2d
Command: "/Users/touzani/ofeli/build/demos/solid/lelas2d/lelas2d" "beam.dat"
Directory: /Users/touzani/ofeli/build/demos/solid/lelas2d
"lelas2d" start time: Jun 22 20:30 CEST
Output:
----------------------------------------------------------


    *******************************************************
    *                   L E L A S 2 D                     *
    *     Two-Dimensional Linearized Elastostatics        *
    *******************************************************


=====================================================================

         A Finite Element Code for Linearized Elastostatics
                             in 2-D Geometries

            LELAS2D uses OFELI Library of Finite Element Classes

                           V E R S I O N   1.0

                       Copyright R. Touzani, 1998

=====================================================================

<end of output>
Test time =   0.03 sec
----------------------------------------------------------
Test Passed.
"lelas2d" end time: Jun 22 20:30 CEST
"lelas2d" time elapsed: 00:00:00
----------------------------------------------------------

19/45 Testing: lelas3d
19/45 Test: lelas3d
Command: "/Users/touzani/ofeli/build/demos/solid/lelas3d/lelas3d" "beam.dat"
Directory: /Users/touzani/ofeli/build/demos/solid/lelas3d
"lelas3d" start time: Jun 22 20:30 CEST
Output:
----------------------------------------------------------


    *******************************************************
    *                      L E L A S 3 D                  *
    *     Three-Dimensional Linearized Elastostatics      *
    *******************************************************


=====================================================================

         A Finite Element Code for Linearized Elastostatics
                             in 3-D Geometries

            lelas3d uses OFELI Library of Finite Element Classes

                           V E R S I O N   2.0

                       Copyright R. Touzani, 2011

=====================================================================

<end of output>
Test time =   0.40 sec
----------------------------------------------------------
Test Passed.
"lelas3d" end time: Jun 22 20:30 CEST
"lelas3d" time elapsed: 00:00:00
----------------------------------------------------------

20/45 Testing: truss
20/45 Test: truss
Command: "/Users/touzani/ofeli/build/demos/solid/truss/truss" "truss.dat"
Directory: /Users/touzani/ofeli/build/demos/solid/truss
"truss" start time: Jun 22 20:30 CEST
Output:
----------------------------------------------------------


    *******************************************************
    *                      T R U S S                      *
    *   Two-Dimensional Trusses in Structural Mechanics   *
    *******************************************************


=====================================================================

         A Finite Element Code for planar trusses of bars
              beam uses OFELI Library of Finite Element Classes

                           V E R S I O N   1.0

                       Copyright R. Touzani, 2008

=====================================================================

Getting mesh data from file: truss.m ...
Mesh successfully read.
Reading boundary conditions and loads ...
Calculating and assembling element arrays ...

Solution:
     1       0.00000000e+00    0.00000000e+00
     2       0.00000000e+00   -3.70370370e-09
     3       0.00000000e+00   -3.70370370e-09

Saving mesh data in XML file: truss-1.m ...
<end of output>
Test time =   0.15 sec
----------------------------------------------------------
Test Passed.
"truss" end time: Jun 22 20:30 CEST
"truss" time elapsed: 00:00:00
----------------------------------------------------------

21/45 Testing: eigen1
21/45 Test: eigen1
Command: "/Users/touzani/ofeli/build/demos/solvers/EIGEN/eigen_demo1"
Directory: /Users/touzani/ofeli/build/demos/solvers/EIGEN
"eigen1" start time: Jun 22 20:30 CEST
Output:
----------------------------------------------------------

====================================================================
eigen_demo1, Copyright (c) 1998 - 2022  Rachid Touzani

This program is free software: you can redistribute it and/or modify
it under the terms of the GNU Lesser General Public License as published by
the Free Software Foundation, either version 3 of the License, or
(at your option) any later version.

This program is distributed in the hope that it will be useful,
but WITHOUT ANY WARRANTY; without even the implied warranty of
MERCHANTABILITY or FITNESS FOR A PARTICULAR PURPOSE.  See the
GNU Lesser General Public License for more details.

You should have received a copy of the GNU Lesser General Public License
along with this program.  If not, see <http://www.gnu.org/licenses/>.
====================================================================
eigen_demo1 uses the ofeli package
Release: 5.0.1
Date of Release: 22-02
---------------------------------------------------
Date of latest library building : Jun 22 2022
====================================================================
ofeli comes with ABSOLUTELY NO WARRANTY.
====================================================================

Eigenvalue #1: 0.198062
Eigen vector:
     1       2.31920614e-01
     2       4.17906506e-01
     3       5.21120889e-01
     4       5.21120889e-01
     5       4.17906506e-01
     6       2.31920614e-01

Eigenvalue #2: 7.53020396e-01
Eigen vector:
     1      -4.17906506e-01
     2      -5.21120889e-01
     3      -2.31920614e-01
     4       2.31920614e-01
     5       5.21120889e-01
     6       4.17906506e-01

Eigenvalue #3: 1.55495813e+00
Eigen vector:
     1      -5.21120889e-01
     2      -2.31920614e-01
     3       4.17906506e-01
     4       4.17906506e-01
     5      -2.31920614e-01
     6      -5.21120889e-01

Eigenvalue #4: 2.44504187e+00
Eigen vector:
     1       5.21120889e-01
     2      -2.31920614e-01
     3      -4.17906506e-01
     4       4.17906506e-01
     5       2.31920614e-01
     6      -5.21120889e-01

Eigenvalue #5: 3.24697960e+00
Eigen vector:
     1      -4.17906506e-01
     2       5.21120889e-01
     3      -2.31920614e-01
     4      -2.31920614e-01
     5       5.21120889e-01
     6      -4.17906506e-01

Eigenvalue #6: 3.80193774e+00
Eigen vector:
     1      -2.31920614e-01
     2       4.17906506e-01
     3      -5.21120889e-01
     4       5.21120889e-01
     5      -4.17906506e-01
     6       2.31920614e-01

Nb. of iterations: 3
<end of output>
Test time =   0.02 sec
----------------------------------------------------------
Test Passed.
"eigen1" end time: Jun 22 20:30 CEST
"eigen1" time elapsed: 00:00:00
----------------------------------------------------------

22/45 Testing: eigen2
22/45 Test: eigen2
Command: "/Users/touzani/ofeli/build/demos/solvers/EIGEN/eigen_demo2"
Directory: /Users/touzani/ofeli/build/demos/solvers/EIGEN
"eigen2" start time: Jun 22 20:30 CEST
Output:
----------------------------------------------------------

====================================================================
eigen_demo2, Copyright (c) 1998 - 2022  Rachid Touzani

This program is free software: you can redistribute it and/or modify
it under the terms of the GNU Lesser General Public License as published by
the Free Software Foundation, either version 3 of the License, or
(at your option) any later version.

This program is distributed in the hope that it will be useful,
but WITHOUT ANY WARRANTY; without even the implied warranty of
MERCHANTABILITY or FITNESS FOR A PARTICULAR PURPOSE.  See the
GNU Lesser General Public License for more details.

You should have received a copy of the GNU Lesser General Public License
along with this program.  If not, see <http://www.gnu.org/licenses/>.
====================================================================
eigen_demo2 uses the ofeli package
Release: 5.0.1
Date of Release: 22-02
---------------------------------------------------
Date of latest library building : Jun 22 2022
====================================================================
ofeli comes with ABSOLUTELY NO WARRANTY.
====================================================================


EIGEN PROBLEM SOLVER

Number of equations:              4
Number of found eigenvalues:      4
Eigenvalue extraction method: QR method (General matrix)

Eigenvalue #1: 0.852101
Eigen vector:
       1        -0.57429
       2        -0.659227
       3        -0.182436
       4        0.449809

Eigenvalue #2: 3.57395 + 0.368989 I
Eigen vector:
       1        0.229552 + 0.204256 I
       2        -0.285934 - 0.406191 I
       3        0.0706144 + 0.540575 I
       4        0.374257 - 0.470702 I

Eigenvalue #3: 3.57395 - 0.368989 I
Eigen vector:
       1        0.204256 + 0.71273 I
       2        -0.406191 - 0.00958168 I
       3        0.540575 - 0.7013 I
       4        -0.470702 - 0.010116 I

Eigenvalue #4: 2
Eigen vector:
       1        -0.71273
       2        0.00958168
       3        0.7013
       4        0.010116
<end of output>
Test time =   0.00 sec
----------------------------------------------------------
Test Passed.
"eigen2" end time: Jun 22 20:30 CEST
"eigen2" time elapsed: 00:00:00
----------------------------------------------------------

23/45 Testing: eigen3
23/45 Test: eigen3
Command: "/Users/touzani/ofeli/build/demos/solvers/EIGEN/eigen_demo3" "eigen_demo3.dat"
Directory: /Users/touzani/ofeli/build/demos/solvers/EIGEN
"eigen3" start time: Jun 22 20:30 CEST
Output:
----------------------------------------------------------

====================================================================
eigen_demo3, Copyright (c) 1998 - 2022  Rachid Touzani

This program is free software: you can redistribute it and/or modify
it under the terms of the GNU Lesser General Public License as published by
the Free Software Foundation, either version 3 of the License, or
(at your option) any later version.

This program is distributed in the hope that it will be useful,
but WITHOUT ANY WARRANTY; without even the implied warranty of
MERCHANTABILITY or FITNESS FOR A PARTICULAR PURPOSE.  See the
GNU Lesser General Public License for more details.

You should have received a copy of the GNU Lesser General Public License
along with this program.  If not, see <http://www.gnu.org/licenses/>.
====================================================================
eigen_demo3 uses the ofeli package
Release: 5.0.1
Date of Release: 22-02
---------------------------------------------------
Date of latest library building : Jun 22 2022
====================================================================
ofeli comes with ABSOLUTELY NO WARRANTY.
====================================================================

Eigenvalue #1: 39.4752
Eigenvalue #2: 98.6684
Eigenvalue #3: 98.6684
Eigenvalue #4: 157.862
Eigenvalue #5: 197.259
<end of output>
Test time =   2.99 sec
----------------------------------------------------------
Test Passed.
"eigen3" end time: Jun 22 20:30 CEST
"eigen3" time elapsed: 00:00:02
----------------------------------------------------------

24/45 Testing: ls1
24/45 Test: ls1
Command: "/Users/touzani/ofeli/build/demos/solvers/LS/ls_demo1" "10"
Directory: /Users/touzani/ofeli/build/demos/solvers/LS
"ls1" start time: Jun 22 20:30 CEST
Output:
----------------------------------------------------------
Solution:
     1       1.00000000e+00
     2       2.00000000e+00
     3       3.00000000e+00
     4       4.00000000e+00
     5       5.00000000e+00
     6       6.00000000e+00
     7       7.00000000e+00
     8       8.00000000e+00
     9       9.00000000e+00
    10       1.00000000e+01


<end of output>
Test time =   0.00 sec
----------------------------------------------------------
Test Passed.
"ls1" end time: Jun 22 20:30 CEST
"ls1" time elapsed: 00:00:00
----------------------------------------------------------

25/45 Testing: ls2
25/45 Test: ls2
Command: "/Users/touzani/ofeli/build/demos/solvers/LS/ls_demo2" "mesh.m"
Directory: /Users/touzani/ofeli/build/demos/solvers/LS
"ls2" start time: Jun 22 20:30 CEST
Output:
----------------------------------------------------------
Getting mesh data from file: mesh.m ...
Mesh successfully read.
Solving the Laplace equation in 2D using P1 finite element triangle.
Running preconditioned CG method ...
Iteration:    1, ... Residual: 0.211338
Iteration:    2, ... Residual: 0.0838747
Iteration:    3, ... Residual: 0.0382508
Iteration:    4, ... Residual: 0.0131237
Iteration:    5, ... Residual: 0.00333004
Iteration:    6, ... Residual: 0.000687862
Iteration:    7, ... Residual: 8.97003e-05
Iteration:    8, ... Residual: 1.22189e-05
Iteration:    9, ... Residual: 1.44617e-06
Iteration:   10, ... Residual: 1.01177e-07
Iteration:   11, ... Residual: 1.42341e-08
Convergence after 11 iterations.
     1       0.00000000e+00
     2       0.00000000e+00
     3       0.00000000e+00
     4       0.00000000e+00
     5       0.00000000e+00
     6       0.00000000e+00
     7       0.00000000e+00
     8       0.00000000e+00
     9       0.00000000e+00
    10       0.00000000e+00
    11       0.00000000e+00
    12       0.00000000e+00
    13       3.15995016e-03
    14       2.96830009e-03
    15       1.91232316e-03
    16       1.06115715e-03
    17       5.74395576e-04
    18       3.21369044e-04
    19       1.84554862e-04
    20       1.02500523e-04
    21       4.60771025e-05
    22       0.00000000e+00
    23       0.00000000e+00
    24       2.96830009e-03
    25       3.12213262e-03
    26       2.26648258e-03
    27       1.42417715e-03
    28       8.59890480e-04
    29       5.20413219e-04
    30       3.13895894e-04
    31       1.79347534e-04
    32       8.18071434e-05
    33       0.00000000e+00
    34       0.00000000e+00
    35       1.91232316e-03
    36       2.26648258e-03
    37       1.86456158e-03
    38       1.32602197e-03
    39       8.90300443e-04
    40       5.83142815e-04
    41       3.71018782e-04
    42       2.19174183e-04
    43       1.01803540e-04
    44       0.00000000e+00
    45       0.00000000e+00
    46       1.06115715e-03
    47       1.42417715e-03
    48       1.32602197e-03
    49       1.05766928e-03
    50       7.81008776e-04
    51       5.49604724e-04
    52       3.67770573e-04
    53       2.24522319e-04
    54       1.06232689e-04
    55       0.00000000e+00
    56       0.00000000e+00
    57       5.74395576e-04
    58       8.59890480e-04
    59       8.90300443e-04
    60       7.81008776e-04
    61       6.23714103e-04
    62       4.66192416e-04
    63       3.25913881e-04
    64       2.04910709e-04
    65       9.86048529e-05
    66       0.00000000e+00
    67       0.00000000e+00
    68       3.21369044e-04
    69       5.20413219e-04
    70       5.83142815e-04
    71       5.49604724e-04
    72       4.66192416e-04
    73       3.65486651e-04
    74       2.64778093e-04
    75       1.70601591e-04
    76       8.32760042e-05
    77       0.00000000e+00
    78       0.00000000e+00
    79       1.84554862e-04
    80       3.13895894e-04
    81       3.71018782e-04
    82       3.67770573e-04
    83       3.25913881e-04
    84       2.64778093e-04
    85       1.97109824e-04
    86       1.29441535e-04
    87       6.38975764e-05
    88       0.00000000e+00
    89       0.00000000e+00
    90       1.02500523e-04
    91       1.79347534e-04
    92       2.19174183e-04
    93       2.24522319e-04
    94       2.04910709e-04
    95       1.70601591e-04
    96       1.29441535e-04
    97       8.61571527e-05
    98       4.28727775e-05
    99       0.00000000e+00
   100       0.00000000e+00
   101       4.60771025e-05
   102       8.18071434e-05
   103       1.01803540e-04
   104       1.06232689e-04
   105       9.86048529e-05
   106       8.32760042e-05
   107       6.38975764e-05
   108       4.28727775e-05
   109       2.14363887e-05
   110       0.00000000e+00
   111       0.00000000e+00
   112       0.00000000e+00
   113       0.00000000e+00
   114       0.00000000e+00
   115       0.00000000e+00
   116       0.00000000e+00
   117       0.00000000e+00
   118       0.00000000e+00
   119       0.00000000e+00
   120       0.00000000e+00
   121       0.00000000e+00

Solution is stored in file 'sol.pos'
You can plot this using GMSH
<end of output>
Test time =   0.01 sec
----------------------------------------------------------
Test Passed.
"ls2" end time: Jun 22 20:30 CEST
"ls2" time elapsed: 00:00:00
----------------------------------------------------------

26/45 Testing: nl1
26/45 Test: nl1
Command: "/Users/touzani/ofeli/build/demos/solvers/NLAS/nl_demo1"
Directory: /Users/touzani/ofeli/build/demos/solvers/NLAS
"nl1" start time: Jun 22 20:30 CEST
Output:
----------------------------------------------------------
Running the nonlinear solver ... 
Running iterations ...
Iteration 2, Solution: 1.33333
Iteration 3, Solution: 1.4
Iteration 4, Solution: 1.41176
Iteration 5, Solution: 1.41379
Iteration 6, Solution: 1.41414
Iteration 7, Solution: 1.4142
Iteration 8, Solution: 1.41421
Iteration 9, Solution: 1.41421
Iteration 10, Solution: 1.41421
Iteration 11, Solution: 1.41421
Iteration 12, Solution: 1.41421
Convergence after 11 iterations.
Solution: 1.41421

NUMERICAL SOLUTION OF A NONLINEAR ALGEBRAIC SYSTEM

Number of equations:                            1
Nonlinear iteration method:                     Bisection
Number of performed iterations for convergence: 11
<end of output>
Test time =   0.00 sec
----------------------------------------------------------
Test Passed.
"nl1" end time: Jun 22 20:30 CEST
"nl1" time elapsed: 00:00:00
----------------------------------------------------------

27/45 Testing: nl2
27/45 Test: nl2
Command: "/Users/touzani/ofeli/build/demos/solvers/NLAS/nl_demo2"
Directory: /Users/touzani/ofeli/build/demos/solvers/NLAS
"nl2" start time: Jun 22 20:30 CEST
Output:
----------------------------------------------------------
Running the nonlinear solver ... 
Running iterations ...
Iteration 2, Solution: : 1.5
Iteration 3, Solution: : 1.41667
Iteration 4, Solution: : 1.41422
Iteration 5, Solution: : 1.41421
Iteration 6, Solution: : 1.41421
Convergence after 5 iterations.
Solution: 1.41421

NUMERICAL SOLUTION OF A NONLINEAR ALGEBRAIC SYSTEM

Number of equations:                            1
Nonlinear iteration method:                     Bisection
Number of performed iterations for convergence: 5
<end of output>
Test time =   0.00 sec
----------------------------------------------------------
Test Passed.
"nl2" end time: Jun 22 20:30 CEST
"nl2" time elapsed: 00:00:00
----------------------------------------------------------

28/45 Testing: nl3
28/45 Test: nl3
Command: "/Users/touzani/ofeli/build/demos/solvers/NLAS/nl_demo3"
Directory: /Users/touzani/ofeli/build/demos/solvers/NLAS
"nl3" start time: Jun 22 20:30 CEST
Output:
----------------------------------------------------------
Solution 1:
     1      -1.11508799e+00
     2       3.39246215e-01


Solution 2:
     1      -3.93431717e+00
     2      -1.71298487e+00


<end of output>
Test time =   0.01 sec
----------------------------------------------------------
Test Passed.
"nl3" end time: Jun 22 20:30 CEST
"nl3" time elapsed: 00:00:00
----------------------------------------------------------

29/45 Testing: nl4
29/45 Test: nl4
Command: "/Users/touzani/ofeli/build/demos/solvers/NLAS/nl_demo4"
Directory: /Users/touzani/ofeli/build/demos/solvers/NLAS
"nl4" start time: Jun 22 20:30 CEST
Output:
----------------------------------------------------------
Solution 1:
     1      -1.11508799e+00
     2       3.39246215e-01


Solution 2:
     1      -3.93431717e+00
     2      -1.71298487e+00


<end of output>
Test time =   0.00 sec
----------------------------------------------------------
Test Passed.
"nl4" end time: Jun 22 20:30 CEST
"nl4" time elapsed: 00:00:00
----------------------------------------------------------

30/45 Testing: ode1
30/45 Test: ode1
Command: "/Users/touzani/ofeli/build/demos/solvers/ODE/ode_demo1" "0.1"
Directory: /Users/touzani/ofeli/build/demos/solvers/ODE
"ode1" start time: Jun 22 20:30 CEST
Output:
----------------------------------------------------------

NUMERICAL SOLUTION OF A DIFFERENTIAL SYSTEM

Number of equations: 		1
Time integration scheme: 	Forward Euler
Final time: 			1
First time step value:		0.1
Final time step value:		0.1
Number of time steps:		10

Solution:  1.65856
Error:     0.0597211
<end of output>
Test time =   0.00 sec
----------------------------------------------------------
Test Passed.
"ode1" end time: Jun 22 20:30 CEST
"ode1" time elapsed: 00:00:00
----------------------------------------------------------

31/45 Testing: ode2
31/45 Test: ode2
Command: "/Users/touzani/ofeli/build/demos/solvers/ODE/ode_demo2" "0.1"
Directory: /Users/touzani/ofeli/build/demos/solvers/ODE
"ode2" start time: Jun 22 20:30 CEST
Output:
----------------------------------------------------------

NUMERICAL SOLUTION OF A DIFFERENTIAL SYSTEM

Number of equations: 		1
Time integration scheme: 	Heun
Final time: 			1
First time step value:		0.1
Final time step value:		0.1
Number of time steps:		10

Error: 0.00406362
<end of output>
Test time =   0.00 sec
----------------------------------------------------------
Test Passed.
"ode2" end time: Jun 22 20:30 CEST
"ode2" time elapsed: 00:00:00
----------------------------------------------------------

32/45 Testing: ode3
32/45 Test: ode3
Command: "/Users/touzani/ofeli/build/demos/solvers/ODE/ode_demo3" "0.1"
Directory: /Users/touzani/ofeli/build/demos/solvers/ODE
"ode3" start time: Jun 22 20:30 CEST
Output:
----------------------------------------------------------
Running time step: 1, time: 0.1 ...
     1       9.04832368e-02
     2       8.14353713e-01

Running time step: 2, time: 2.00000000e-01 ...
     1       1.63745212e-01
     2       6.54984726e-01

Running time step: 3, time: 3.00000000e-01 ...
     1       2.22244162e-01
     2       5.18573013e-01

Running time step: 4, time: 4.00000000e-01 ...
     1       2.68126415e-01
     2       4.02192469e-01

Running time step: 5, time: 5.00000000e-01 ...
     1       3.03263491e-01
     2       3.03266000e-01

Running time step: 6, time: 6.00000000e-01 ...
     1       3.29284972e-01
     2       2.19525596e-01

Running time step: 7, time: 7.00000000e-01 ...
     1       3.47607596e-01
     2       1.48976848e-01

Running time step: 8, time: 8.00000000e-01 ...
     1       3.59461010e-01
     2       8.98674040e-02

Running time step: 9, time: 9.00000000e-01 ...
     1       3.65910552e-01
     2       4.06589698e-02

Running time step: 10, time: 1.00000000e+00 ...
     1       3.67877383e-01
     2       2.43180564e-06


NUMERICAL SOLUTION OF A DIFFERENTIAL SYSTEM

Number of equations: 		2
Time integration scheme: 	Runge-Kutta 4
Final time: 			1.00000000e+00
First time step value:		1.00000000e-01
Final time step value:		1.00000000e-01
Number of time steps:		10

Error: 2.05817743e-06, 2.43180564e-06
<end of output>
Test time =   0.00 sec
----------------------------------------------------------
Test Passed.
"ode3" end time: Jun 22 20:30 CEST
"ode3" time elapsed: 00:00:00
----------------------------------------------------------

33/45 Testing: ode4
33/45 Test: ode4
Command: "/Users/touzani/ofeli/build/demos/solvers/ODE/ode_demo4" "0.1"
Directory: /Users/touzani/ofeli/build/demos/solvers/ODE
"ode4" start time: Jun 22 20:30 CEST
Output:
----------------------------------------------------------
Running time step: 1, time: 0.1 ...
Running time step: 2, time: 0.2 ...
Running time step: 3, time: 0.3 ...
Running time step: 4, time: 0.4 ...
Running time step: 5, time: 0.5 ...
Running time step: 6, time: 0.6 ...
Running time step: 7, time: 0.7 ...
Running time step: 8, time: 0.8 ...
Running time step: 9, time: 0.9 ...
Running time step: 10, time: 1 ...

NUMERICAL SOLUTION OF A DIFFERENTIAL SYSTEM

Number of equations: 		2
Time integration scheme: 	Newmark
Final time: 			1
First time step value:		0.1
Final time step value:		0.1
Number of time steps:		10

Error: 0.0533151, 0.0574758
<end of output>
Test time =   0.00 sec
----------------------------------------------------------
Test Passed.
"ode4" end time: Jun 22 20:30 CEST
"ode4" time elapsed: 00:00:00
----------------------------------------------------------

34/45 Testing: ode5
34/45 Test: ode5
Command: "/Users/touzani/ofeli/build/demos/solvers/ODE/ode_demo5" "0.1"
Directory: /Users/touzani/ofeli/build/demos/solvers/ODE
"ode5" start time: Jun 22 20:30 CEST
Output:
----------------------------------------------------------

NUMERICAL SOLUTION OF A DIFFERENTIAL SYSTEM

Number of equations: 		2
Time integration scheme: 	Runge-Kutta 4
Final time: 			100
First time step value:		0.1
Final time step value:		0.1
Number of time steps:		1000

<end of output>
Test time =   0.03 sec
----------------------------------------------------------
Test Passed.
"ode5" end time: Jun 22 20:30 CEST
"ode5" time elapsed: 00:00:00
----------------------------------------------------------

35/45 Testing: ode6
35/45 Test: ode6
Command: "/Users/touzani/ofeli/build/demos/solvers/ODE/ode_demo6" "0.1" "1.0"
Directory: /Users/touzani/ofeli/build/demos/solvers/ODE
"ode6" start time: Jun 22 20:30 CEST
Output:
----------------------------------------------------------

NUMERICAL SOLUTION OF A DIFFERENTIAL SYSTEM

Number of equations: 		2
Time integration scheme: 	Runge-Kutta 4
Final time: 			1
First time step value:		0.1
Final time step value:		0.1
Number of time steps:		10

<end of output>
Test time =   0.00 sec
----------------------------------------------------------
Test Passed.
"ode6" end time: Jun 22 20:30 CEST
"ode6" time elapsed: 00:00:00
----------------------------------------------------------

36/45 Testing: ode7
36/45 Test: ode7
Command: "/Users/touzani/ofeli/build/demos/solvers/ODE/ode_demo7" "0.1" "1.0" "output.dat"
Directory: /Users/touzani/ofeli/build/demos/solvers/ODE
"ode7" start time: Jun 22 20:30 CEST
Output:
----------------------------------------------------------

NUMERICAL SOLUTION OF A DIFFERENTIAL SYSTEM

Number of equations: 		3
Time integration scheme: 	Runge-Kutta 4
Final time: 			1
First time step value:		0.1
Final time step value:		0.1
Number of time steps:		10

<end of output>
Test time =   0.01 sec
----------------------------------------------------------
Test Passed.
"ode7" end time: Jun 22 20:30 CEST
"ode7" time elapsed: 00:00:00
----------------------------------------------------------

37/45 Testing: ts1
37/45 Test: ts1
Command: "/Users/touzani/ofeli/build/demos/solvers/ODE/ts_demo1" "mesh1.m" "0.1"
Directory: /Users/touzani/ofeli/build/demos/solvers/ODE
"ts1" start time: Jun 22 20:30 CEST
Output:
----------------------------------------------------------

TIME STEPPING FOR A TIME DEPENDENT PROBLEM

PDE 1, Number of equations: 		361
Time integration scheme: 	Backward Euler
Final time: 			1
First time step value:		0.1
Final time step value:		0.1
Number of time steps:		10
Solution L2-Norm: 2.496
Error in L2-Norm: 0.00748296
<end of output>
Test time =   0.04 sec
----------------------------------------------------------
Test Passed.
"ts1" end time: Jun 22 20:30 CEST
"ts1" time elapsed: 00:00:00
----------------------------------------------------------

38/45 Testing: ts2
38/45 Test: ts2
Command: "/Users/touzani/ofeli/build/demos/solvers/ODE/ts_demo2" "mesh2.m" "0.1"
Directory: /Users/touzani/ofeli/build/demos/solvers/ODE
"ts2" start time: Jun 22 20:30 CEST
Output:
----------------------------------------------------------

TIME STEPPING FOR A TIME DEPENDENT PROBLEM

PDE 1, Number of equations: 		1280
Time integration scheme: 	Newmark
Final time: 			1
First time step value:		0.1
Final time step value:		0.1
Number of time steps:		10
Solution L2-Norm: 0.0587365
<end of output>
Test time =   0.57 sec
----------------------------------------------------------
Test Passed.
"ts2" end time: Jun 22 20:30 CEST
"ts2" time elapsed: 00:00:00
----------------------------------------------------------

39/45 Testing: opt1
39/45 Test: opt1
Command: "/Users/touzani/ofeli/build/demos/solvers/OPTIM/opt_demo6"
Directory: /Users/touzani/ofeli/build/demos/solvers/OPTIM
"opt1" start time: Jun 22 20:30 CEST
Output:
----------------------------------------------------------
Solution
     1       4.53333333e+02
     2       1.60000000e+02
     3       4.00000000e+02
     4       0.00000000e+00

Optimal objective: 1.01333333e+03
<end of output>
Test time =   0.01 sec
----------------------------------------------------------
Test Passed.
"opt1" end time: Jun 22 20:30 CEST
"opt1" time elapsed: 00:00:00
----------------------------------------------------------

40/45 Testing: std3
40/45 Test: std3
Command: "/Users/touzani/ofeli/build/demos/thermal/std3/std3" "beam.dat"
Directory: /Users/touzani/ofeli/build/demos/thermal/std3
"std3" start time: Jun 22 20:30 CEST
Output:
----------------------------------------------------------


    *******************************************************
    *                      S  T  D  3                     *
    *             Steady State Thermal Diffusion          *
    *                   in 3-D Geometries                 *
    *******************************************************


=====================================================================

               A Finite Element Code for Steady-State
                Analysis of Thermal Diffusion Problems
                             in 3-D Geometries

            STD3 uses OFELI Library of Finite Element Classes

                           V E R S I O N   1.0

                     Copyright R. Touzani, 2002

=====================================================================

Getting mesh data from file: beam.m ...
Reading boundary conditions, body and boundary sources ...
Creating all mesh sides ...
Setting equation
Setting equation data ...
Solving equation
Saving solution
<end of output>
Test time =   0.15 sec
----------------------------------------------------------
Test Passed.
"std3" end time: Jun 22 20:30 CEST
"std3" time elapsed: 00:00:00
----------------------------------------------------------

41/45 Testing: stdc2
41/45 Test: stdc2
Command: "/Users/touzani/ofeli/build/demos/thermal/stdc2/stdc2" "proj.dat"
Directory: /Users/touzani/ofeli/build/demos/thermal/stdc2
"stdc2" start time: Jun 22 20:30 CEST
Output:
----------------------------------------------------------


    *******************************************************
    *                      S  T  D  C  2                  *
    *     Steady State Thermal Diffusion - Convection     *
    *                 in 2-D Geometries                   *
    *******************************************************


=====================================================================

               A Finite Element Code for Steady-State
           Analysis of Thermal Diffusion - Convection Problems
                             in 2-D Geometries

            STDC2 uses OFELI Library of Finite Element Classes

                           V E R S I O N   2.0

                     Copyright R. Touzani, 2008

=====================================================================

Reading mesh data ...
Getting mesh data from file: proj.m ...
Mesh successfully read.
Allocating memory for matrix and R.H.S. ...
Reading boundary conditions, body and boundary forces ...
Reading Velocity in file ...
Running preconditioned GMRes method ...
Convergence of the GMRes method after 7 iterations.
     1       0.00000000e+00
     2       2.62248455e-01
     3       4.47518944e-01
     4       6.83812669e-01
     5       1.00000000e+00
     6       0.00000000e+00
     7       2.09071272e-01
     8       4.50829018e-01
     9       7.15285550e-01
    10       1.00000000e+00
    11       0.00000000e+00
    12       2.38041195e-01
    13       5.01654162e-01
    14       7.58371723e-01
    15       1.00000000e+00
    16       0.00000000e+00
    17       3.28267194e-01
    18       5.98437411e-01
    19       8.33609099e-01
    20       1.00000000e+00

<end of output>
Test time =   0.06 sec
----------------------------------------------------------
Test Passed.
"stdc2" end time: Jun 22 20:30 CEST
"stdc2" time elapsed: 00:00:00
----------------------------------------------------------

[...]

                   A Finite Element Code for Transient
       Analysis of Thermal Diffusion Problems in 2-D Geometries

            ttd2 uses OFELI Library of Finite Element Classes

                           V E R S I O N   1.0

                     Copyright R. Touzani, 1998

=====================================================================

Reading mesh data ...
Getting mesh data from file: proj-5x20.m ...
Mesh successfully read.


M E S H     D A T A
===================

Space Dimension             :      2
Number of nodes             :    126
Number of elements          :    200


LIST OF NODES:

 Node:        1
 Coordinates: -1.000000e+00  -1.000000e+00  0.000000e+00  
  1 d.o.f.:        1  
 Codes:            1

 Node:        2
 Coordinates: -6.000000e-01  -1.000000e+00  0.000000e+00  
  1 d.o.f.:        2  
 Codes:            1

 Node:        3
 Coordinates: -2.000000e-01  -1.000000e+00  0.000000e+00  
  1 d.o.f.:        3  
 Codes:            1

 Node:        4
 Coordinates: 2.000000e-01  -1.000000e+00  0.000000e+00  
  1 d.o.f.:        4  
 Codes:            1

 Node:        5
 Coordinates: 6.000000e-01  -1.000000e+00  0.000000e+00  
  1 d.o.f.:        5  
 Codes:            1

 Node:        6
 Coordinates: 1.000000e+00  -1.000000e+00  0.000000e+00  
  1 d.o.f.:        6  
 Codes:            1

 Node:        7
 Coordinates: -1.000000e+00  -9.000000e-01  0.000000e+00  
  1 d.o.f.:        7  
 Codes:            0

 Node:        8
 Coordinates: -6.000000e-01  -9.000000e-01  0.000000e+00  
  1 d.o.f.:        8  
 Codes:            0

 Node:        9
 Coordinates: -2.000000e-01  -9.000000e-01  0.000000e+00  
  1 d.o.f.:        9  
 Codes:            0

 Node:       10
 Coordinates: 2.000000e-01  -9.000000e-01  0.000000e+00  
  1 d.o.f.:       10  
 Codes:            0

 Node:       11
 Coordinates: 6.000000e-01  -9.000000e-01  0.000000e+00  
  1 d.o.f.:       11  
 Codes:            0

 Node:       12
 Coordinates: 1.000000e+00  -9.000000e-01  0.000000e+00  
  1 d.o.f.:       12  
 Codes:            0

 Node:       13
 Coordinates: -1.000000e+00  -8.000000e-01  0.000000e+00  
  1 d.o.f.:       13  
 Codes:            0

 Node:       14
 Coordinates: -6.000000e-01  -8.000000e-01  0.000000e+00  
  1 d.o.f.:       14  
 Codes:            0

 Node:       15
 Coordinates: -2.000000e-01  -8.000000e-01  0.000000e+00  
  1 d.o.f.:       15  
 Codes:            0

 Node:       16
 Coordinates: 2.000000e-01  -8.000000e-01  0.000000e+00  
  1 d.o.f.:       16  
 Codes:            0

 Node:       17
 Coordinates: 6.000000e-01  -8.000000e-01  0.000000e+00  
  1 d.o.f.:       17  
 Codes:            0

 Node:       18
 Coordinates: 1.000000e+00  -8.000000e-01  0.000000e+00  
  1 d.o.f.:       18  
 Codes:            0

 Node:       19
 Coordinates: -1.000000e+00  -7.000000e-01  0.000000e+00  
  1 d.o.f.:       19  
 Codes:            0

 Node:       20
 Coordinates: -6.000000e-01  -7.000000e-01  0.000000e+00  
  1 d.o.f.:       20  
 Codes:            0

 Node:       21
 Coordinates: -2.000000e-01  -7.000000e-01  0.000000e+00  
  1 d.o.f.:       21  
 Codes:            0

 Node:       22
 Coordinates: 2.000000e-01  -7.000000e-01  0.000000e+00  
  1 d.o.f.:       22  
 Codes:            0

 Node:       23
 Coordinates: 6.000000e-01  -7.000000e-01  0.000000e+00  
  1 d.o.f.:       23  
 Codes:            0

 Node:       24
 Coordinates: 1.000000e+00  -7.000000e-01  0.000000e+00  
  1 d.o.f.:       24  
 Codes:            0

 Node:       25
 Coordinates: -1.000000e+00  -6.000000e-01  0.000000e+00  
  1 d.o.f.:       25  
 Codes:            0

 Node:       26
 Coordinates: -6.000000e-01  -6.000000e-01  0.000000e+00  
  1 d.o.f.:       26  
 Codes:            0

 Node:       27
 Coordinates: -2.000000e-01  -6.000000e-01  0.000000e+00  
  1 d.o.f.:       27  
 Codes:            0

 Node:       28
 Coordinates: 2.000000e-01  -6.000000e-01  0.000000e+00  
  1 d.o.f.:       28  
 Codes:            0

 Node:       29
 Coordinates: 6.000000e-01  -6.000000e-01  0.000000e+00  
  1 d.o.f.:       29  
 Codes:            0

 Node:       30
 Coordinates: 1.000000e+00  -6.000000e-01  0.000000e+00  
  1 d.o.f.:       30  
 Codes:            0

 Node:       31
 Coordinates: -1.000000e+00  -5.000000e-01  0.000000e+00  
  1 d.o.f.:       31  
 Codes:            0

 Node:       32
 Coordinates: -6.000000e-01  -5.000000e-01  0.000000e+00  
  1 d.o.f.:       32  
 Codes:            0

 Node:       33
 Coordinates: -2.000000e-01  -5.000000e-01  0.000000e+00  
  1 d.o.f.:       33  
 Codes:            0

 Node:       34
 Coordinates: 2.000000e-01  -5.000000e-01  0.000000e+00  
  1 d.o.f.:       34  
 Codes:            0

 Node:       35
 Coordinates: 6.000000e-01  -5.000000e-01  0.000000e+00  
  1 d.o.f.:       35  
 Codes:            0

 Node:       36
 Coordinates: 1.000000e+00  -5.000000e-01  0.000000e+00  
  1 d.o.f.:       36  
 Codes:            0

 Node:       37
 Coordinates: -1.000000e+00  -4.000000e-01  0.000000e+00  
  1 d.o.f.:       37  
 Codes:            0

 Node:       38
 Coordinates: -6.000000e-01  -4.000000e-01  0.000000e+00  
  1 d.o.f.:       38  
 Codes:            0

 Node:       39
 Coordinates: -2.000000e-01  -4.000000e-01  0.000000e+00  
  1 d.o.f.:       39  
 Codes:            0

 Node:       40
 Coordinates: 2.000000e-01  -4.000000e-01  0.000000e+00  
  1 d.o.f.:       40  
 Codes:            0

 Node:       41
 Coordinates: 6.000000e-01  -4.000000e-01  0.000000e+00  
  1 d.o.f.:       41  
 Codes:            0

 Node:       42
 Coordinates: 1.000000e+00  -4.000000e-01  0.000000e+00  
  1 d.o.f.:       42  
 Codes:            0

 Node:       43
 Coordinates: -1.000000e+00  -3.000000e-01  0.000000e+00  
  1 d.o.f.:       43  
 Codes:            0

 Node:       44
 Coordinates: -6.000000e-01  -3.000000e-01  0.000000e+00  
  1 d.o.f.:       44  
 Codes:            0

 Node:       45
 Coordinates: -2.000000e-01  -3.000000e-01  0.000000e+00  
  1 d.o.f.:       45  
 Codes:            0

 Node:       46
 Coordinates: 2.000000e-01  -3.000000e-01  0.000000e+00  
  1 d.o.f.:       46  
 Codes:            0

 Node:       47
 Coordinates: 6.000000e-01  -3.000000e-01  0.000000e+00  
  1 d.o.f.:       47  
 Codes:            0

 Node:       48
 Coordinates: 1.000000e+00  -3.000000e-01  0.000000e+00  
  1 d.o.f.:       48  
 Codes:            0

 Node:       49
 Coordinates: -1.000000e+00  -2.000000e-01  0.000000e+00  
  1 d.o.f.:       49  
 Codes:            0

 Node:       50
 Coordinates: -6.000000e-01  -2.000000e-01  0.000000e+00  
  1 d.o.f.:       50  
 Codes:            0



LIST OF ELEMENTS:

 Element:      1 ** Code:        1 ** Nodes:  1 2 8

 Element:      2 ** Code:        1 ** Nodes:  8 7 1

 Element:      3 ** Code:        1 ** Nodes:  2 3 9

 Element:      4 ** Code:        1 ** Nodes:  9 8 2

 Element:      5 ** Code:        1 ** Nodes:  3 4 10

 Element:      6 ** Code:        1 ** Nodes:  10 9 3

 Element:      7 ** Code:        1 ** Nodes:  4 5 11

 Element:      8 ** Code:        1 ** Nodes:  11 10 4

 Element:      9 ** Code:        1 ** Nodes:  5 6 12

 Element:     10 ** Code:        1 ** Nodes:  12 11 5

 Element:     11 ** Code:        1 ** Nodes:  7 8 14

 Element:     12 ** Code:        1 ** Nodes:  14 13 7

 Element:     13 ** Code:        1 ** Nodes:  8 9 15

 Element:     14 ** Code:        1 ** Nodes:  15 14 8

 Element:     15 ** Code:        1 ** Nodes:  9 10 16

 Element:     16 ** Code:        1 ** Nodes:  16 15 9

 Element:     17 ** Code:        1 ** Nodes:  10 11 17

 Element:     18 ** Code:        1 ** Nodes:  17 16 10

 Element:     19 ** Code:        1 ** Nodes:  11 12 18

 Element:     20 ** Code:        1 ** Nodes:  18 17 11

 Element:     21 ** Code:        1 ** Nodes:  13 14 20

 Element:     22 ** Code:        1 ** Nodes:  20 19 13

 Element:     23 ** Code:        1 ** Nodes:  14 15 21

 Element:     24 ** Code:        1 ** Nodes:  21 20 14

 Element:     25 ** Code:        1 ** Nodes:  15 16 22

 Element:     26 ** Code:        1 ** Nodes:  22 21 15

 Element:     27 ** Code:        1 ** Nodes:  16 17 23

 Element:     28 ** Code:        1 ** Nodes:  23 22 16

 Element:     29 ** Code:        1 ** Nodes:  17 18 24

 Element:     30 ** Code:        1 ** Nodes:  24 23 17

 Element:     31 ** Code:        1 ** Nodes:  19 20 26

 Element:     32 ** Code:        1 ** Nodes:  26 25 19

 Element:     33 ** Code:        1 ** Nodes:  20 21 27

 Element:     34 ** Code:        1 ** Nodes:  27 26 20

 Element:     35 ** Code:        1 ** Nodes:  21 22 28

 Element:     36 ** Code:        1 ** Nodes:  28 27 21

 Element:     37 ** Code:        1 ** Nodes:  22 23 29

 Element:     38 ** Code:        1 ** Nodes:  29 28 22

 Element:     39 ** Code:        1 ** Nodes:  23 24 30

 Element:     40 ** Code:        1 ** Nodes:  30 29 23

 Element:     41 ** Code:        1 ** Nodes:  25 26 32

 Element:     42 ** Code:        1 ** Nodes:  32 31 25

 Element:     43 ** Code:        1 ** Nodes:  26 27 33

 Element:     44 ** Code:        1 ** Nodes:  33 32 26

 Element:     45 ** Code:        1 ** Nodes:  27 28 34

 Element:     46 ** Code:        1 ** Nodes:  34 33 27

 Element:     47 ** Code:        1 ** Nodes:  28 29 35

 Element:     48 ** Code:        1 ** Nodes:  35 34 28

 Element:     49 ** Code:        1 ** Nodes:  29 30 36

 Element:     50 ** Code:        1 ** Nodes:  36 35 29





Allocating memory for matrix and R.H.S. ...
Setting equation
Performing time step 1
Convergence after 14 iterations.
Performing time step 2
Convergence after 13 iterations.
Performing time step 3
Convergence after 13 iterations.
Performing time step 4
Convergence after 13 iterations.
Performing time step 5
Convergence after 13 iterations.
Performing time step 6
Convergence after 13 iterations.
Performing time step 7
Convergence after 13 iterations.
Performing time step 8
Convergence after 13 iterations.
Performing time step 9
Convergence after 13 iterations.
Performing time step 10
Convergence after 13 iterations.
Performing time step 11
Convergence after 13 iterations.
Performing time step 12
Convergence after 13 iterations.
Performing time step 13
Convergence after 13 iterations.
Performing time step 14
Convergence after 13 iterations.
Performing time step 15
Convergence after 13 iterations.
Performing time step 16
Convergence after 13 iterations.
Performing time step 17
Convergence after 13 iterations.
Performing time step 18
Convergence after 13 iterations.
Performing time step 19
Convergence after 13 iterations.
Performing time step 20
Convergence after 13 iterations.
Performing time step 21
Convergence after 13 iterations.
Performing time step 22
Convergence after 13 iterations.
Performing time step 23
Convergence after 13 iterations.
Performing time step 24
Convergence after 13 iterations.
Performing time step 25
Convergence after 13 iterations.
Performing time step 26
Convergence after 13 iterations.
Performing time step 27
Convergence after 13 iterations.
Performing time step 28
Convergence after 13 iterations.
Performing time step 29
Convergence after 13 iterations.
Performing time step 30
Convergence after 13 iterations.
Performing time step 31
Convergence after 13 iterations.
Performing time step 32
Convergence after 13 iterations.
Performing time step 33
Convergence after 13 iterations.
Performing time step 34
Convergence after 13 iterations.
Performing time step 35
Convergence after 13 iterations.
Performing time step 36
Convergence after 13 iterations.
Performing time step 37
Convergence after 13 iterations.
Performing time step 38
Convergence after 13 iterations.
Performing time step 39
Convergence after 13 iterations.
Performing time step 40
Convergence after 13 iterations.
Performing time step 41
Convergence after 13 iterations.
Performing time step 42
Convergence after 13 iterations.
Performing time step 43
Convergence after 13 iterations.
Performing time step 44
Convergence after 13 iterations.
Performing time step 45
Convergence after 13 iterations.
Performing time step 46
Convergence after 13 iterations.
Performing time step 47
Convergence after 13 iterations.
Performing time step 48
Convergence after 13 iterations.
Performing time step 49
Convergence after 13 iterations.
Performing time step 50
Convergence after 13 iterations.
Performing time step 51
Convergence after 13 iterations.
Performing time step 52
Convergence after 13 iterations.
Performing time step 53
Convergence after 13 iterations.
Performing time step 54
Convergence after 13 iterations.
Performing time step 55
Convergence after 13 iterations.
Performing time step 56
Convergence after 13 iterations.
Performing time step 57
Convergence after 13 iterations.
Performing time step 58
Convergence after 13 iterations.
Performing time step 59
Convergence after 13 iterations.
Performing time step 60
Convergence after 13 iterations.
Performing time step 61
Convergence after 13 iterations.
Performing time step 62
Convergence after 13 iterations.
Performing time step 63
Convergence after 13 iterations.
Performing time step 64
Convergence after 13 iterations.
Performing time step 65
Convergence after 13 iterations.
Performing time step 66
Convergence after 13 iterations.
Performing time step 67
Convergence after 13 iterations.
Performing time step 68
Convergence after 13 iterations.
Performing time step 69
Convergence after 13 iterations.
Performing time step 70
Convergence after 13 iterations.
Performing time step 71
Convergence after 13 iterations.
Performing time step 72
Convergence after 13 iterations.
Performing time step 73
Convergence after 13 iterations.
Performing time step 74
Convergence after 13 iterations.
Performing time step 75
Convergence after 13 iterations.
Performing time step 76
Convergence after 13 iterations.
Performing time step 77
Convergence after 13 iterations.
Performing time step 78
Convergence after 13 iterations.
Performing time step 79
Convergence after 13 iterations.
Performing time step 80
Convergence after 13 iterations.
Performing time step 81
Convergence after 13 iterations.
Performing time step 82
Convergence after 13 iterations.
Performing time step 83
Convergence after 13 iterations.
Performing time step 84
Convergence after 13 iterations.
Performing time step 85
Convergence after 13 iterations.
Performing time step 86
Convergence after 13 iterations.
Performing time step 87
Convergence after 13 iterations.
Performing time step 88
Convergence after 13 iterations.
Performing time step 89
Convergence after 13 iterations.
Performing time step 90
Convergence after 13 iterations.
Performing time step 91
Convergence after 13 iterations.
Performing time step 92
Convergence after 13 iterations.
Performing time step 93
Convergence after 13 iterations.
Performing time step 94
Convergence after 13 iterations.
Performing time step 95
Convergence after 13 iterations.
Performing time step 96
Convergence after 13 iterations.
Performing time step 97
Convergence after 13 iterations.
Performing time step 98
Convergence after 13 iterations.
Performing time step 99
Convergence after 13 iterations.
Performing time step 100
Convergence after 13 iterations.
Discrete L2 error = 1.660216e+00
<end of output>
Test time =   0.14 sec
----------------------------------------------------------
Test Passed.
"ttd2" end time: Jun 22 20:30 CEST
"ttd2" time elapsed: 00:00:00
----------------------------------------------------------

43/45 Testing: cmesh
43/45 Test: cmesh
Command: "/Users/touzani/ofeli/build/util/cmesh/cmesh" "--input" "disk.bamg" "--from" "bamg" "--to" "ofeli"
Directory: /Users/touzani/ofeli/build/util/cmesh
"cmesh" start time: Jun 22 20:30 CEST
Output:
----------------------------------------------------------


cmesh, A Program to convert various formats of mesh files
cmesh, version 2.0, Copyright (c) 1998 - 2022  Rachid Touzani

This program is free software: you can redistribute it and/or modify
it under the terms of the GNU Lesser General Public License as published by
the Free Software Foundation, either version 3 of the License, or
(at your option) any later version.

This program is distributed in the hope that it will be useful,
but WITHOUT ANY WARRANTY; without even the implied warranty of
MERCHANTABILITY or FITNESS FOR A PARTICULAR PURPOSE.  See the
GNU Lesser General Public License for more details.

You should have received a copy of the GNU Lesser General Public License
along with this program.  If not, see <http://www.gnu.org/licenses/>.
Reading mesh file disk.bamg ...
Saving mesh file disk.m ...
done.
<end of output>
Test time =   0.03 sec
----------------------------------------------------------
Test Passed.
"cmesh" end time: Jun 22 20:30 CEST
"cmesh" time elapsed: 00:00:00
----------------------------------------------------------

44/45 Testing: cfield
44/45 Test: cfield
Command: "/Users/touzani/ofeli/build/util/cfield/cfield" "-f" "gmsh" "-m" "cavity.m" "-i" "cavity.s" "-o" "cavity.pos"
Directory: /Users/touzani/ofeli/build/util/cfield
"cfield" start time: Jun 22 20:30 CEST
Output:
----------------------------------------------------------


cfield, A Program to convert an XML OFELI file to other field file formats.
cfield, version 2.0, Copyright (c) 1998 - 2022 Rachid Touzani

This program is free software: you can redistribute it and/or modify
it under the terms of the GNU Lesser General Public License as published by
the Free Software Foundation, either version 3 of the License, or
(at your option) any later version.

This program is distributed in the hope that it will be useful,
but WITHOUT ANY WARRANTY; without even the implied warranty of
MERCHANTABILITY or FITNESS FOR A PARTICULAR PURPOSE.  See the
GNU Lesser General Public License for more details.

You should have received a copy of the GNU Lesser General Public License
along with this program.  If not, see <http://www.gnu.org/licenses/>.
Saving Gmsh file: cavity.pos ...
Converting file: cavity.s to Gmsh format.
Found a nodewise field vector, Name: , Time = 7.175, Nb. of DOF: 1
Number of found time steps: 1, Running from time: 7.175 to time: 7.175.
Number of stored time steps: 1
done.
<end of output>
Test time =   0.23 sec
----------------------------------------------------------
Test Passed.
"cfield" end time: Jun 22 20:30 CEST
"cfield" time elapsed: 00:00:00
----------------------------------------------------------

45/45 Testing: g2m
45/45 Test: g2m
Command: "/Users/touzani/ofeli/build/util/g2m/g2m" "-d" "test.dom" "-o" "test.m"
Directory: /Users/touzani/ofeli/build/util/g2m
"g2m" start time: Jun 22 20:30 CEST
Output:
----------------------------------------------------------

===========================================================================
g2m, A Program to generate 2-D meshes
g2m, version 2.0, Copyright (c) 1998 - 2022  Rachid Touzani
---------------------------------------------------------------------------
This program is free software: you can redistribute it and/or modify
it under the terms of the GNU Lesser General Public License as published by
the Free Software Foundation, either version 3 of the License, or
(at your option) any later version.

This program is distributed in the hope that it will be useful,
but WITHOUT ANY WARRANTY; without even the implied warranty of
MERCHANTABILITY or FITNESS FOR A PARTICULAR PURPOSE.  See the
GNU Lesser General Public License for more details.

You should have received a copy of the GNU Lesser General Public License
along with this program. If not, see <http://www.gnu.org/licenses/>.
---------------------------------------------------------------------------

Processing with domain file: test.dom
Mesh generated and stored in file: test.m
File test.geo deleted.
File test.bamg deleted.
<end of output>
Test time =   0.13 sec
----------------------------------------------------------
Test Passed.
"g2m" end time: Jun 22 20:30 CEST
"g2m" time elapsed: 00:00:00
----------------------------------------------------------

End testing: Jun 22 20:30 CEST
